{
    "numFailedTestSuites": 30,
    "numFailedTests": 20,
    "numPassedTestSuites": 75,
    "numPassedTests": 103,
    "numPendingTestSuites": 0,
    "numPendingTests": 0,
    "numRuntimeErrorTestSuites": 14,
    "numTodoTests": 0,
    "numTotalTestSuites": 105,
    "numTotalTests": 123,
    "openHandles": [],
    "snapshot": {
        "added": 0,
        "didUpdate": false,
        "failure": false,
        "filesAdded": 0,
        "filesRemoved": 0,
        "filesRemovedList": [],
        "filesUnmatched": 0,
        "filesUpdated": 0,
        "matched": 0,
        "total": 0,
        "unchecked": 0,
        "uncheckedKeysByFile": [],
        "unmatched": 0,
        "updated": 0
    },
    "startTime": 1764553118187,
    "success": false,
    "testResults": [
        {
            "assertionResults": [
                {
                    "ancestorTitles": [
                        "LinkedInProviderClientService"
                    ],
                    "duration": 15,
                    "failureDetails": [
                        {
                            "type": "LinkedInProviderClient",
                            "context": {
                                "index": 0,
                                "dependencies": [
                                    null
                                ]
                            },
                            "metadata": {
                                "id": "c3ec617e8fa6fb148cb5f"
                            },
                            "moduleRef": {
                                "id": "013cdf87e3c3ec617e8fa"
                            }
                        }
                    ],
                    "failureMessages": [
                        "Error: Nest can't resolve dependencies of the LinkedInProviderClient (?). Please make sure that the argument ConfigService at index [0] is available in the RootTestModule context.\n\nPotential solutions:\n- Is RootTestModule a valid NestJS module?\n- If ConfigService is a provider, is it part of the current RootTestModule?\n- If ConfigService is exported from a separate @Module, is that module imported within RootTestModule?\n  @Module({\n    imports: [ /* the Module containing ConfigService */ ]\n  })\n\n    at TestingInjector.lookupComponentInParentModules (C:\\.project_repo\\Mercurion\\MercurionWeb\\MercurionWebNode\\node_modules\\@nestjs\\core\\injector\\injector.js:262:19)\n    at processTicksAndRejections (node:internal/process/task_queues:105:5)\n    at TestingInjector.resolveComponentInstance (C:\\.project_repo\\Mercurion\\MercurionWeb\\MercurionWebNode\\node_modules\\@nestjs\\core\\injector\\injector.js:215:33)\n    at TestingInjector.resolveComponentInstance (C:\\.project_repo\\Mercurion\\MercurionWeb\\MercurionWebNode\\node_modules\\@nestjs\\testing\\testing-injector.js:19:45)\n    at resolveParam (C:\\.project_repo\\Mercurion\\MercurionWeb\\MercurionWebNode\\node_modules\\@nestjs\\core\\injector\\injector.js:129:38)\n    at async Promise.all (index 0)\n    at TestingInjector.resolveConstructorParams (C:\\.project_repo\\Mercurion\\MercurionWeb\\MercurionWebNode\\node_modules\\@nestjs\\core\\injector\\injector.js:144:27)\n    at TestingInjector.loadInstance (C:\\.project_repo\\Mercurion\\MercurionWeb\\MercurionWebNode\\node_modules\\@nestjs\\core\\injector\\injector.js:70:13)\n    at TestingInjector.loadProvider (C:\\.project_repo\\Mercurion\\MercurionWeb\\MercurionWebNode\\node_modules\\@nestjs\\core\\injector\\injector.js:98:9)\n    at C:\\.project_repo\\Mercurion\\MercurionWeb\\MercurionWebNode\\node_modules\\@nestjs\\core\\injector\\instance-loader.js:56:13\n    at async Promise.all (index 3)\n    at TestingInstanceLoader.createInstancesOfProviders (C:\\.project_repo\\Mercurion\\MercurionWeb\\MercurionWebNode\\node_modules\\@nestjs\\core\\injector\\instance-loader.js:55:9)\n    at C:\\.project_repo\\Mercurion\\MercurionWeb\\MercurionWebNode\\node_modules\\@nestjs\\core\\injector\\instance-loader.js:40:13\n    at async Promise.all (index 1)\n    at TestingInstanceLoader.createInstances (C:\\.project_repo\\Mercurion\\MercurionWeb\\MercurionWebNode\\node_modules\\@nestjs\\core\\injector\\instance-loader.js:39:9)\n    at TestingInstanceLoader.createInstancesOfDependencies (C:\\.project_repo\\Mercurion\\MercurionWeb\\MercurionWebNode\\node_modules\\@nestjs\\core\\injector\\instance-loader.js:22:13)\n    at TestingInstanceLoader.createInstancesOfDependencies (C:\\.project_repo\\Mercurion\\MercurionWeb\\MercurionWebNode\\node_modules\\@nestjs\\testing\\testing-instance-loader.js:9:9)\n    at TestingModuleBuilder.createInstancesOfDependencies (C:\\.project_repo\\Mercurion\\MercurionWeb\\MercurionWebNode\\node_modules\\@nestjs\\testing\\testing-module.builder.js:118:9)\n    at TestingModuleBuilder.compile (C:\\.project_repo\\Mercurion\\MercurionWeb\\MercurionWebNode\\node_modules\\@nestjs\\testing\\testing-module.builder.js:74:9)\n    at Object.<anonymous> (C:\\.project_repo\\Mercurion\\MercurionWeb\\MercurionWebNode\\src\\app_modules\\sso\\providers\\linkedin-provider-client.spec.ts:8:35)"
                    ],
                    "fullName": "LinkedInProviderClientService should be defined",
                    "invocations": 1,
                    "location": null,
                    "numPassingAsserts": 0,
                    "retryReasons": [],
                    "status": "failed",
                    "title": "should be defined"
                }
            ],
            "endTime": 1764553132313,
            "message": "  ● LinkedInProviderClientService › should be defined\n\n    Nest can't resolve dependencies of the LinkedInProviderClient (?). Please make sure that the argument ConfigService at index [0] is available in the RootTestModule context.\n\n    Potential solutions:\n    - Is RootTestModule a valid NestJS module?\n    - If ConfigService is a provider, is it part of the current RootTestModule?\n    - If ConfigService is exported from a separate @Module, is that module imported within RootTestModule?\n      @Module({\n        imports: [ /* the Module containing ConfigService */ ]\n      })\n\n    \u001b[0m \u001b[90m  6 |\u001b[39m\n     \u001b[90m  7 |\u001b[39m   beforeEach(\u001b[36masync\u001b[39m () \u001b[33m=>\u001b[39m {\n    \u001b[31m\u001b[1m>\u001b[22m\u001b[39m\u001b[90m  8 |\u001b[39m     \u001b[36mconst\u001b[39m module\u001b[33m:\u001b[39m \u001b[33mTestingModule\u001b[39m \u001b[33m=\u001b[39m \u001b[36mawait\u001b[39m \u001b[33mTest\u001b[39m\u001b[33m.\u001b[39mcreateTestingModule({\n     \u001b[90m    |\u001b[39m                                   \u001b[31m\u001b[1m^\u001b[22m\u001b[39m\n     \u001b[90m  9 |\u001b[39m       providers\u001b[33m:\u001b[39m [\u001b[33mLinkedInProviderClient\u001b[39m]\u001b[33m,\u001b[39m\n     \u001b[90m 10 |\u001b[39m     })\u001b[33m.\u001b[39mcompile()\u001b[33m;\u001b[39m\n     \u001b[90m 11 |\u001b[39m\u001b[0m\n\n      at TestingInjector.lookupComponentInParentModules (../node_modules/@nestjs/core/injector/injector.js:262:19)\n      at TestingInjector.resolveComponentInstance (../node_modules/@nestjs/core/injector/injector.js:215:33)\n      at TestingInjector.resolveComponentInstance (../node_modules/@nestjs/testing/testing-injector.js:19:45)\n      at resolveParam (../node_modules/@nestjs/core/injector/injector.js:129:38)\n          at async Promise.all (index 0)\n      at TestingInjector.resolveConstructorParams (../node_modules/@nestjs/core/injector/injector.js:144:27)\n      at TestingInjector.loadInstance (../node_modules/@nestjs/core/injector/injector.js:70:13)\n      at TestingInjector.loadProvider (../node_modules/@nestjs/core/injector/injector.js:98:9)\n      at ../node_modules/@nestjs/core/injector/instance-loader.js:56:13\n          at async Promise.all (index 3)\n      at TestingInstanceLoader.createInstancesOfProviders (../node_modules/@nestjs/core/injector/instance-loader.js:55:9)\n      at ../node_modules/@nestjs/core/injector/instance-loader.js:40:13\n          at async Promise.all (index 1)\n      at TestingInstanceLoader.createInstances (../node_modules/@nestjs/core/injector/instance-loader.js:39:9)\n      at TestingInstanceLoader.createInstancesOfDependencies (../node_modules/@nestjs/core/injector/instance-loader.js:22:13)\n      at TestingInstanceLoader.createInstancesOfDependencies (../node_modules/@nestjs/testing/testing-instance-loader.js:9:9)\n      at TestingModuleBuilder.createInstancesOfDependencies (../node_modules/@nestjs/testing/testing-module.builder.js:118:9)\n      at TestingModuleBuilder.compile (../node_modules/@nestjs/testing/testing-module.builder.js:74:9)\n      at Object.<anonymous> (app_modules/sso/providers/linkedin-provider-client.spec.ts:8:35)\n",
            "name": "C:\\.project_repo\\Mercurion\\MercurionWeb\\MercurionWebNode\\src\\app_modules\\sso\\providers\\linkedin-provider-client.spec.ts",
            "startTime": 1764553119501,
            "status": "failed",
            "summary": ""
        },
        {
            "assertionResults": [
                {
                    "ancestorTitles": [
                        "DiscordProviderClientService"
                    ],
                    "duration": 19,
                    "failureDetails": [
                        {
                            "type": "DiscordProviderClient",
                            "context": {
                                "index": 0,
                                "dependencies": [
                                    null
                                ]
                            },
                            "metadata": {
                                "id": "f8fdbcd2c211f61b7398a"
                            },
                            "moduleRef": {
                                "id": "dc4f1af3a1f8fdbcd2c21"
                            }
                        }
                    ],
                    "failureMessages": [
                        "Error: Nest can't resolve dependencies of the DiscordProviderClient (?). Please make sure that the argument ConfigService at index [0] is available in the RootTestModule context.\n\nPotential solutions:\n- Is RootTestModule a valid NestJS module?\n- If ConfigService is a provider, is it part of the current RootTestModule?\n- If ConfigService is exported from a separate @Module, is that module imported within RootTestModule?\n  @Module({\n    imports: [ /* the Module containing ConfigService */ ]\n  })\n\n    at TestingInjector.lookupComponentInParentModules (C:\\.project_repo\\Mercurion\\MercurionWeb\\MercurionWebNode\\node_modules\\@nestjs\\core\\injector\\injector.js:262:19)\n    at processTicksAndRejections (node:internal/process/task_queues:105:5)\n    at TestingInjector.resolveComponentInstance (C:\\.project_repo\\Mercurion\\MercurionWeb\\MercurionWebNode\\node_modules\\@nestjs\\core\\injector\\injector.js:215:33)\n    at TestingInjector.resolveComponentInstance (C:\\.project_repo\\Mercurion\\MercurionWeb\\MercurionWebNode\\node_modules\\@nestjs\\testing\\testing-injector.js:19:45)\n    at resolveParam (C:\\.project_repo\\Mercurion\\MercurionWeb\\MercurionWebNode\\node_modules\\@nestjs\\core\\injector\\injector.js:129:38)\n    at async Promise.all (index 0)\n    at TestingInjector.resolveConstructorParams (C:\\.project_repo\\Mercurion\\MercurionWeb\\MercurionWebNode\\node_modules\\@nestjs\\core\\injector\\injector.js:144:27)\n    at TestingInjector.loadInstance (C:\\.project_repo\\Mercurion\\MercurionWeb\\MercurionWebNode\\node_modules\\@nestjs\\core\\injector\\injector.js:70:13)\n    at TestingInjector.loadProvider (C:\\.project_repo\\Mercurion\\MercurionWeb\\MercurionWebNode\\node_modules\\@nestjs\\core\\injector\\injector.js:98:9)\n    at C:\\.project_repo\\Mercurion\\MercurionWeb\\MercurionWebNode\\node_modules\\@nestjs\\core\\injector\\instance-loader.js:56:13\n    at async Promise.all (index 3)\n    at TestingInstanceLoader.createInstancesOfProviders (C:\\.project_repo\\Mercurion\\MercurionWeb\\MercurionWebNode\\node_modules\\@nestjs\\core\\injector\\instance-loader.js:55:9)\n    at C:\\.project_repo\\Mercurion\\MercurionWeb\\MercurionWebNode\\node_modules\\@nestjs\\core\\injector\\instance-loader.js:40:13\n    at async Promise.all (index 1)\n    at TestingInstanceLoader.createInstances (C:\\.project_repo\\Mercurion\\MercurionWeb\\MercurionWebNode\\node_modules\\@nestjs\\core\\injector\\instance-loader.js:39:9)\n    at TestingInstanceLoader.createInstancesOfDependencies (C:\\.project_repo\\Mercurion\\MercurionWeb\\MercurionWebNode\\node_modules\\@nestjs\\core\\injector\\instance-loader.js:22:13)\n    at TestingInstanceLoader.createInstancesOfDependencies (C:\\.project_repo\\Mercurion\\MercurionWeb\\MercurionWebNode\\node_modules\\@nestjs\\testing\\testing-instance-loader.js:9:9)\n    at TestingModuleBuilder.createInstancesOfDependencies (C:\\.project_repo\\Mercurion\\MercurionWeb\\MercurionWebNode\\node_modules\\@nestjs\\testing\\testing-module.builder.js:118:9)\n    at TestingModuleBuilder.compile (C:\\.project_repo\\Mercurion\\MercurionWeb\\MercurionWebNode\\node_modules\\@nestjs\\testing\\testing-module.builder.js:74:9)\n    at Object.<anonymous> (C:\\.project_repo\\Mercurion\\MercurionWeb\\MercurionWebNode\\src\\app_modules\\sso\\providers\\discord-provider-client.spec.ts:8:35)"
                    ],
                    "fullName": "DiscordProviderClientService should be defined",
                    "invocations": 1,
                    "location": null,
                    "numPassingAsserts": 0,
                    "retryReasons": [],
                    "status": "failed",
                    "title": "should be defined"
                }
            ],
            "endTime": 1764553132345,
            "message": "  ● DiscordProviderClientService › should be defined\n\n    Nest can't resolve dependencies of the DiscordProviderClient (?). Please make sure that the argument ConfigService at index [0] is available in the RootTestModule context.\n\n    Potential solutions:\n    - Is RootTestModule a valid NestJS module?\n    - If ConfigService is a provider, is it part of the current RootTestModule?\n    - If ConfigService is exported from a separate @Module, is that module imported within RootTestModule?\n      @Module({\n        imports: [ /* the Module containing ConfigService */ ]\n      })\n\n    \u001b[0m \u001b[90m  6 |\u001b[39m\n     \u001b[90m  7 |\u001b[39m   beforeEach(\u001b[36masync\u001b[39m () \u001b[33m=>\u001b[39m {\n    \u001b[31m\u001b[1m>\u001b[22m\u001b[39m\u001b[90m  8 |\u001b[39m     \u001b[36mconst\u001b[39m module\u001b[33m:\u001b[39m \u001b[33mTestingModule\u001b[39m \u001b[33m=\u001b[39m \u001b[36mawait\u001b[39m \u001b[33mTest\u001b[39m\u001b[33m.\u001b[39mcreateTestingModule({\n     \u001b[90m    |\u001b[39m                                   \u001b[31m\u001b[1m^\u001b[22m\u001b[39m\n     \u001b[90m  9 |\u001b[39m       providers\u001b[33m:\u001b[39m [\u001b[33mDiscordProviderClient\u001b[39m]\u001b[33m,\u001b[39m\n     \u001b[90m 10 |\u001b[39m     })\u001b[33m.\u001b[39mcompile()\u001b[33m;\u001b[39m\n     \u001b[90m 11 |\u001b[39m\u001b[0m\n\n      at TestingInjector.lookupComponentInParentModules (../node_modules/@nestjs/core/injector/injector.js:262:19)\n      at TestingInjector.resolveComponentInstance (../node_modules/@nestjs/core/injector/injector.js:215:33)\n      at TestingInjector.resolveComponentInstance (../node_modules/@nestjs/testing/testing-injector.js:19:45)\n      at resolveParam (../node_modules/@nestjs/core/injector/injector.js:129:38)\n          at async Promise.all (index 0)\n      at TestingInjector.resolveConstructorParams (../node_modules/@nestjs/core/injector/injector.js:144:27)\n      at TestingInjector.loadInstance (../node_modules/@nestjs/core/injector/injector.js:70:13)\n      at TestingInjector.loadProvider (../node_modules/@nestjs/core/injector/injector.js:98:9)\n      at ../node_modules/@nestjs/core/injector/instance-loader.js:56:13\n          at async Promise.all (index 3)\n      at TestingInstanceLoader.createInstancesOfProviders (../node_modules/@nestjs/core/injector/instance-loader.js:55:9)\n      at ../node_modules/@nestjs/core/injector/instance-loader.js:40:13\n          at async Promise.all (index 1)\n      at TestingInstanceLoader.createInstances (../node_modules/@nestjs/core/injector/instance-loader.js:39:9)\n      at TestingInstanceLoader.createInstancesOfDependencies (../node_modules/@nestjs/core/injector/instance-loader.js:22:13)\n      at TestingInstanceLoader.createInstancesOfDependencies (../node_modules/@nestjs/testing/testing-instance-loader.js:9:9)\n      at TestingModuleBuilder.createInstancesOfDependencies (../node_modules/@nestjs/testing/testing-module.builder.js:118:9)\n      at TestingModuleBuilder.compile (../node_modules/@nestjs/testing/testing-module.builder.js:74:9)\n      at Object.<anonymous> (app_modules/sso/providers/discord-provider-client.spec.ts:8:35)\n",
            "name": "C:\\.project_repo\\Mercurion\\MercurionWeb\\MercurionWebNode\\src\\app_modules\\sso\\providers\\discord-provider-client.spec.ts",
            "startTime": 1764553119485,
            "status": "failed",
            "summary": ""
        },
        {
            "assertionResults": [
                {
                    "ancestorTitles": [
                        "TurnstileService"
                    ],
                    "duration": 18,
                    "failureDetails": [
                        {
                            "type": "TurnstileService",
                            "context": {
                                "index": 2,
                                "dependencies": [
                                    null,
                                    null,
                                    null
                                ]
                            },
                            "metadata": {
                                "id": "e995d4663cdb7bf7c1481"
                            },
                            "moduleRef": {
                                "id": "345fc7901be995d4663cd"
                            }
                        }
                    ],
                    "failureMessages": [
                        "Error: Nest can't resolve dependencies of the TurnstileService (HttpService, ConfigService, ?). Please make sure that the argument MeiliLoggerService at index [2] is available in the RootTestModule context.\n\nPotential solutions:\n- Is RootTestModule a valid NestJS module?\n- If MeiliLoggerService is a provider, is it part of the current RootTestModule?\n- If MeiliLoggerService is exported from a separate @Module, is that module imported within RootTestModule?\n  @Module({\n    imports: [ /* the Module containing MeiliLoggerService */ ]\n  })\n\n    at TestingInjector.lookupComponentInParentModules (C:\\.project_repo\\Mercurion\\MercurionWeb\\MercurionWebNode\\node_modules\\@nestjs\\core\\injector\\injector.js:262:19)\n    at processTicksAndRejections (node:internal/process/task_queues:105:5)\n    at TestingInjector.resolveComponentInstance (C:\\.project_repo\\Mercurion\\MercurionWeb\\MercurionWebNode\\node_modules\\@nestjs\\core\\injector\\injector.js:215:33)\n    at TestingInjector.resolveComponentInstance (C:\\.project_repo\\Mercurion\\MercurionWeb\\MercurionWebNode\\node_modules\\@nestjs\\testing\\testing-injector.js:19:45)\n    at resolveParam (C:\\.project_repo\\Mercurion\\MercurionWeb\\MercurionWebNode\\node_modules\\@nestjs\\core\\injector\\injector.js:129:38)\n    at async Promise.all (index 2)\n    at TestingInjector.resolveConstructorParams (C:\\.project_repo\\Mercurion\\MercurionWeb\\MercurionWebNode\\node_modules\\@nestjs\\core\\injector\\injector.js:144:27)\n    at TestingInjector.loadInstance (C:\\.project_repo\\Mercurion\\MercurionWeb\\MercurionWebNode\\node_modules\\@nestjs\\core\\injector\\injector.js:70:13)\n    at TestingInjector.loadProvider (C:\\.project_repo\\Mercurion\\MercurionWeb\\MercurionWebNode\\node_modules\\@nestjs\\core\\injector\\injector.js:98:9)\n    at C:\\.project_repo\\Mercurion\\MercurionWeb\\MercurionWebNode\\node_modules\\@nestjs\\core\\injector\\instance-loader.js:56:13\n    at async Promise.all (index 3)\n    at TestingInstanceLoader.createInstancesOfProviders (C:\\.project_repo\\Mercurion\\MercurionWeb\\MercurionWebNode\\node_modules\\@nestjs\\core\\injector\\instance-loader.js:55:9)\n    at C:\\.project_repo\\Mercurion\\MercurionWeb\\MercurionWebNode\\node_modules\\@nestjs\\core\\injector\\instance-loader.js:40:13\n    at async Promise.all (index 1)\n    at TestingInstanceLoader.createInstances (C:\\.project_repo\\Mercurion\\MercurionWeb\\MercurionWebNode\\node_modules\\@nestjs\\core\\injector\\instance-loader.js:39:9)\n    at TestingInstanceLoader.createInstancesOfDependencies (C:\\.project_repo\\Mercurion\\MercurionWeb\\MercurionWebNode\\node_modules\\@nestjs\\core\\injector\\instance-loader.js:22:13)\n    at TestingInstanceLoader.createInstancesOfDependencies (C:\\.project_repo\\Mercurion\\MercurionWeb\\MercurionWebNode\\node_modules\\@nestjs\\testing\\testing-instance-loader.js:9:9)\n    at TestingModuleBuilder.createInstancesOfDependencies (C:\\.project_repo\\Mercurion\\MercurionWeb\\MercurionWebNode\\node_modules\\@nestjs\\testing\\testing-module.builder.js:118:9)\n    at TestingModuleBuilder.compile (C:\\.project_repo\\Mercurion\\MercurionWeb\\MercurionWebNode\\node_modules\\@nestjs\\testing\\testing-module.builder.js:74:9)\n    at Object.<anonymous> (C:\\.project_repo\\Mercurion\\MercurionWeb\\MercurionWebNode\\src\\app_modules\\auth\\services\\turnstile.service.spec.ts:13:35)"
                    ],
                    "fullName": "TurnstileService should be defined",
                    "invocations": 1,
                    "location": null,
                    "numPassingAsserts": 0,
                    "retryReasons": [],
                    "status": "failed",
                    "title": "should be defined"
                },
                {
                    "ancestorTitles": [
                        "TurnstileService",
                        "verifyToken"
                    ],
                    "duration": 3,
                    "failureDetails": [
                        {
                            "type": "TurnstileService",
                            "context": {
                                "index": 2,
                                "dependencies": [
                                    null,
                                    null,
                                    null
                                ]
                            },
                            "metadata": {
                                "id": "b9b3536ec1e3345e61736"
                            },
                            "moduleRef": {
                                "id": "bf7c148179b9b3536ec1e"
                            }
                        }
                    ],
                    "failureMessages": [
                        "Error: Nest can't resolve dependencies of the TurnstileService (HttpService, ConfigService, ?). Please make sure that the argument MeiliLoggerService at index [2] is available in the RootTestModule context.\n\nPotential solutions:\n- Is RootTestModule a valid NestJS module?\n- If MeiliLoggerService is a provider, is it part of the current RootTestModule?\n- If MeiliLoggerService is exported from a separate @Module, is that module imported within RootTestModule?\n  @Module({\n    imports: [ /* the Module containing MeiliLoggerService */ ]\n  })\n\n    at TestingInjector.lookupComponentInParentModules (C:\\.project_repo\\Mercurion\\MercurionWeb\\MercurionWebNode\\node_modules\\@nestjs\\core\\injector\\injector.js:262:19)\n    at processTicksAndRejections (node:internal/process/task_queues:105:5)\n    at TestingInjector.resolveComponentInstance (C:\\.project_repo\\Mercurion\\MercurionWeb\\MercurionWebNode\\node_modules\\@nestjs\\core\\injector\\injector.js:215:33)\n    at TestingInjector.resolveComponentInstance (C:\\.project_repo\\Mercurion\\MercurionWeb\\MercurionWebNode\\node_modules\\@nestjs\\testing\\testing-injector.js:19:45)\n    at resolveParam (C:\\.project_repo\\Mercurion\\MercurionWeb\\MercurionWebNode\\node_modules\\@nestjs\\core\\injector\\injector.js:129:38)\n    at async Promise.all (index 2)\n    at TestingInjector.resolveConstructorParams (C:\\.project_repo\\Mercurion\\MercurionWeb\\MercurionWebNode\\node_modules\\@nestjs\\core\\injector\\injector.js:144:27)\n    at TestingInjector.loadInstance (C:\\.project_repo\\Mercurion\\MercurionWeb\\MercurionWebNode\\node_modules\\@nestjs\\core\\injector\\injector.js:70:13)\n    at TestingInjector.loadProvider (C:\\.project_repo\\Mercurion\\MercurionWeb\\MercurionWebNode\\node_modules\\@nestjs\\core\\injector\\injector.js:98:9)\n    at C:\\.project_repo\\Mercurion\\MercurionWeb\\MercurionWebNode\\node_modules\\@nestjs\\core\\injector\\instance-loader.js:56:13\n    at async Promise.all (index 3)\n    at TestingInstanceLoader.createInstancesOfProviders (C:\\.project_repo\\Mercurion\\MercurionWeb\\MercurionWebNode\\node_modules\\@nestjs\\core\\injector\\instance-loader.js:55:9)\n    at C:\\.project_repo\\Mercurion\\MercurionWeb\\MercurionWebNode\\node_modules\\@nestjs\\core\\injector\\instance-loader.js:40:13\n    at async Promise.all (index 1)\n    at TestingInstanceLoader.createInstances (C:\\.project_repo\\Mercurion\\MercurionWeb\\MercurionWebNode\\node_modules\\@nestjs\\core\\injector\\instance-loader.js:39:9)\n    at TestingInstanceLoader.createInstancesOfDependencies (C:\\.project_repo\\Mercurion\\MercurionWeb\\MercurionWebNode\\node_modules\\@nestjs\\core\\injector\\instance-loader.js:22:13)\n    at TestingInstanceLoader.createInstancesOfDependencies (C:\\.project_repo\\Mercurion\\MercurionWeb\\MercurionWebNode\\node_modules\\@nestjs\\testing\\testing-instance-loader.js:9:9)\n    at TestingModuleBuilder.createInstancesOfDependencies (C:\\.project_repo\\Mercurion\\MercurionWeb\\MercurionWebNode\\node_modules\\@nestjs\\testing\\testing-module.builder.js:118:9)\n    at TestingModuleBuilder.compile (C:\\.project_repo\\Mercurion\\MercurionWeb\\MercurionWebNode\\node_modules\\@nestjs\\testing\\testing-module.builder.js:74:9)\n    at Object.<anonymous> (C:\\.project_repo\\Mercurion\\MercurionWeb\\MercurionWebNode\\src\\app_modules\\auth\\services\\turnstile.service.spec.ts:13:35)"
                    ],
                    "fullName": "TurnstileService verifyToken returns true when success",
                    "invocations": 1,
                    "location": null,
                    "numPassingAsserts": 0,
                    "retryReasons": [],
                    "status": "failed",
                    "title": "returns true when success"
                },
                {
                    "ancestorTitles": [
                        "TurnstileService",
                        "verifyToken"
                    ],
                    "duration": 3,
                    "failureDetails": [
                        {
                            "type": "TurnstileService",
                            "context": {
                                "index": 2,
                                "dependencies": [
                                    null,
                                    null,
                                    null
                                ]
                            },
                            "metadata": {
                                "id": "39d6a45ceb0a8584c55f5"
                            },
                            "moduleRef": {
                                "id": "45e61736bd39d6a45ceb0"
                            }
                        }
                    ],
                    "failureMessages": [
                        "Error: Nest can't resolve dependencies of the TurnstileService (HttpService, ConfigService, ?). Please make sure that the argument MeiliLoggerService at index [2] is available in the RootTestModule context.\n\nPotential solutions:\n- Is RootTestModule a valid NestJS module?\n- If MeiliLoggerService is a provider, is it part of the current RootTestModule?\n- If MeiliLoggerService is exported from a separate @Module, is that module imported within RootTestModule?\n  @Module({\n    imports: [ /* the Module containing MeiliLoggerService */ ]\n  })\n\n    at TestingInjector.lookupComponentInParentModules (C:\\.project_repo\\Mercurion\\MercurionWeb\\MercurionWebNode\\node_modules\\@nestjs\\core\\injector\\injector.js:262:19)\n    at processTicksAndRejections (node:internal/process/task_queues:105:5)\n    at TestingInjector.resolveComponentInstance (C:\\.project_repo\\Mercurion\\MercurionWeb\\MercurionWebNode\\node_modules\\@nestjs\\core\\injector\\injector.js:215:33)\n    at TestingInjector.resolveComponentInstance (C:\\.project_repo\\Mercurion\\MercurionWeb\\MercurionWebNode\\node_modules\\@nestjs\\testing\\testing-injector.js:19:45)\n    at resolveParam (C:\\.project_repo\\Mercurion\\MercurionWeb\\MercurionWebNode\\node_modules\\@nestjs\\core\\injector\\injector.js:129:38)\n    at async Promise.all (index 2)\n    at TestingInjector.resolveConstructorParams (C:\\.project_repo\\Mercurion\\MercurionWeb\\MercurionWebNode\\node_modules\\@nestjs\\core\\injector\\injector.js:144:27)\n    at TestingInjector.loadInstance (C:\\.project_repo\\Mercurion\\MercurionWeb\\MercurionWebNode\\node_modules\\@nestjs\\core\\injector\\injector.js:70:13)\n    at TestingInjector.loadProvider (C:\\.project_repo\\Mercurion\\MercurionWeb\\MercurionWebNode\\node_modules\\@nestjs\\core\\injector\\injector.js:98:9)\n    at C:\\.project_repo\\Mercurion\\MercurionWeb\\MercurionWebNode\\node_modules\\@nestjs\\core\\injector\\instance-loader.js:56:13\n    at async Promise.all (index 3)\n    at TestingInstanceLoader.createInstancesOfProviders (C:\\.project_repo\\Mercurion\\MercurionWeb\\MercurionWebNode\\node_modules\\@nestjs\\core\\injector\\instance-loader.js:55:9)\n    at C:\\.project_repo\\Mercurion\\MercurionWeb\\MercurionWebNode\\node_modules\\@nestjs\\core\\injector\\instance-loader.js:40:13\n    at async Promise.all (index 1)\n    at TestingInstanceLoader.createInstances (C:\\.project_repo\\Mercurion\\MercurionWeb\\MercurionWebNode\\node_modules\\@nestjs\\core\\injector\\instance-loader.js:39:9)\n    at TestingInstanceLoader.createInstancesOfDependencies (C:\\.project_repo\\Mercurion\\MercurionWeb\\MercurionWebNode\\node_modules\\@nestjs\\core\\injector\\instance-loader.js:22:13)\n    at TestingInstanceLoader.createInstancesOfDependencies (C:\\.project_repo\\Mercurion\\MercurionWeb\\MercurionWebNode\\node_modules\\@nestjs\\testing\\testing-instance-loader.js:9:9)\n    at TestingModuleBuilder.createInstancesOfDependencies (C:\\.project_repo\\Mercurion\\MercurionWeb\\MercurionWebNode\\node_modules\\@nestjs\\testing\\testing-module.builder.js:118:9)\n    at TestingModuleBuilder.compile (C:\\.project_repo\\Mercurion\\MercurionWeb\\MercurionWebNode\\node_modules\\@nestjs\\testing\\testing-module.builder.js:74:9)\n    at Object.<anonymous> (C:\\.project_repo\\Mercurion\\MercurionWeb\\MercurionWebNode\\src\\app_modules\\auth\\services\\turnstile.service.spec.ts:13:35)"
                    ],
                    "fullName": "TurnstileService verifyToken returns false on error",
                    "invocations": 1,
                    "location": null,
                    "numPassingAsserts": 0,
                    "retryReasons": [],
                    "status": "failed",
                    "title": "returns false on error"
                }
            ],
            "endTime": 1764553132753,
            "message": "  ● TurnstileService › should be defined\n\n    Nest can't resolve dependencies of the TurnstileService (HttpService, ConfigService, ?). Please make sure that the argument MeiliLoggerService at index [2] is available in the RootTestModule context.\n\n    Potential solutions:\n    - Is RootTestModule a valid NestJS module?\n    - If MeiliLoggerService is a provider, is it part of the current RootTestModule?\n    - If MeiliLoggerService is exported from a separate @Module, is that module imported within RootTestModule?\n      @Module({\n        imports: [ /* the Module containing MeiliLoggerService */ ]\n      })\n\n    \u001b[0m \u001b[90m 11 |\u001b[39m   beforeEach(\u001b[36masync\u001b[39m () \u001b[33m=>\u001b[39m {\n     \u001b[90m 12 |\u001b[39m     httpService \u001b[33m=\u001b[39m { post\u001b[33m:\u001b[39m jest\u001b[33m.\u001b[39mfn() }\u001b[33m;\u001b[39m\n    \u001b[31m\u001b[1m>\u001b[22m\u001b[39m\u001b[90m 13 |\u001b[39m     \u001b[36mconst\u001b[39m module\u001b[33m:\u001b[39m \u001b[33mTestingModule\u001b[39m \u001b[33m=\u001b[39m \u001b[36mawait\u001b[39m \u001b[33mTest\u001b[39m\u001b[33m.\u001b[39mcreateTestingModule({\n     \u001b[90m    |\u001b[39m                                   \u001b[31m\u001b[1m^\u001b[22m\u001b[39m\n     \u001b[90m 14 |\u001b[39m       providers\u001b[33m:\u001b[39m [\n     \u001b[90m 15 |\u001b[39m         \u001b[33mTurnstileService\u001b[39m\u001b[33m,\u001b[39m\n     \u001b[90m 16 |\u001b[39m         { provide\u001b[33m:\u001b[39m \u001b[33mHttpService\u001b[39m\u001b[33m,\u001b[39m useValue\u001b[33m:\u001b[39m httpService }\u001b[33m,\u001b[39m\u001b[0m\n\n      at TestingInjector.lookupComponentInParentModules (../node_modules/@nestjs/core/injector/injector.js:262:19)\n      at TestingInjector.resolveComponentInstance (../node_modules/@nestjs/core/injector/injector.js:215:33)\n      at TestingInjector.resolveComponentInstance (../node_modules/@nestjs/testing/testing-injector.js:19:45)\n      at resolveParam (../node_modules/@nestjs/core/injector/injector.js:129:38)\n          at async Promise.all (index 2)\n      at TestingInjector.resolveConstructorParams (../node_modules/@nestjs/core/injector/injector.js:144:27)\n      at TestingInjector.loadInstance (../node_modules/@nestjs/core/injector/injector.js:70:13)\n      at TestingInjector.loadProvider (../node_modules/@nestjs/core/injector/injector.js:98:9)\n      at ../node_modules/@nestjs/core/injector/instance-loader.js:56:13\n          at async Promise.all (index 3)\n      at TestingInstanceLoader.createInstancesOfProviders (../node_modules/@nestjs/core/injector/instance-loader.js:55:9)\n      at ../node_modules/@nestjs/core/injector/instance-loader.js:40:13\n          at async Promise.all (index 1)\n      at TestingInstanceLoader.createInstances (../node_modules/@nestjs/core/injector/instance-loader.js:39:9)\n      at TestingInstanceLoader.createInstancesOfDependencies (../node_modules/@nestjs/core/injector/instance-loader.js:22:13)\n      at TestingInstanceLoader.createInstancesOfDependencies (../node_modules/@nestjs/testing/testing-instance-loader.js:9:9)\n      at TestingModuleBuilder.createInstancesOfDependencies (../node_modules/@nestjs/testing/testing-module.builder.js:118:9)\n      at TestingModuleBuilder.compile (../node_modules/@nestjs/testing/testing-module.builder.js:74:9)\n      at Object.<anonymous> (app_modules/auth/services/turnstile.service.spec.ts:13:35)\n\n  ● TurnstileService › verifyToken › returns true when success\n\n    Nest can't resolve dependencies of the TurnstileService (HttpService, ConfigService, ?). Please make sure that the argument MeiliLoggerService at index [2] is available in the RootTestModule context.\n\n    Potential solutions:\n    - Is RootTestModule a valid NestJS module?\n    - If MeiliLoggerService is a provider, is it part of the current RootTestModule?\n    - If MeiliLoggerService is exported from a separate @Module, is that module imported within RootTestModule?\n      @Module({\n        imports: [ /* the Module containing MeiliLoggerService */ ]\n      })\n\n    \u001b[0m \u001b[90m 11 |\u001b[39m   beforeEach(\u001b[36masync\u001b[39m () \u001b[33m=>\u001b[39m {\n     \u001b[90m 12 |\u001b[39m     httpService \u001b[33m=\u001b[39m { post\u001b[33m:\u001b[39m jest\u001b[33m.\u001b[39mfn() }\u001b[33m;\u001b[39m\n    \u001b[31m\u001b[1m>\u001b[22m\u001b[39m\u001b[90m 13 |\u001b[39m     \u001b[36mconst\u001b[39m module\u001b[33m:\u001b[39m \u001b[33mTestingModule\u001b[39m \u001b[33m=\u001b[39m \u001b[36mawait\u001b[39m \u001b[33mTest\u001b[39m\u001b[33m.\u001b[39mcreateTestingModule({\n     \u001b[90m    |\u001b[39m                                   \u001b[31m\u001b[1m^\u001b[22m\u001b[39m\n     \u001b[90m 14 |\u001b[39m       providers\u001b[33m:\u001b[39m [\n     \u001b[90m 15 |\u001b[39m         \u001b[33mTurnstileService\u001b[39m\u001b[33m,\u001b[39m\n     \u001b[90m 16 |\u001b[39m         { provide\u001b[33m:\u001b[39m \u001b[33mHttpService\u001b[39m\u001b[33m,\u001b[39m useValue\u001b[33m:\u001b[39m httpService }\u001b[33m,\u001b[39m\u001b[0m\n\n      at TestingInjector.lookupComponentInParentModules (../node_modules/@nestjs/core/injector/injector.js:262:19)\n      at TestingInjector.resolveComponentInstance (../node_modules/@nestjs/core/injector/injector.js:215:33)\n      at TestingInjector.resolveComponentInstance (../node_modules/@nestjs/testing/testing-injector.js:19:45)\n      at resolveParam (../node_modules/@nestjs/core/injector/injector.js:129:38)\n          at async Promise.all (index 2)\n      at TestingInjector.resolveConstructorParams (../node_modules/@nestjs/core/injector/injector.js:144:27)\n      at TestingInjector.loadInstance (../node_modules/@nestjs/core/injector/injector.js:70:13)\n      at TestingInjector.loadProvider (../node_modules/@nestjs/core/injector/injector.js:98:9)\n      at ../node_modules/@nestjs/core/injector/instance-loader.js:56:13\n          at async Promise.all (index 3)\n      at TestingInstanceLoader.createInstancesOfProviders (../node_modules/@nestjs/core/injector/instance-loader.js:55:9)\n      at ../node_modules/@nestjs/core/injector/instance-loader.js:40:13\n          at async Promise.all (index 1)\n      at TestingInstanceLoader.createInstances (../node_modules/@nestjs/core/injector/instance-loader.js:39:9)\n      at TestingInstanceLoader.createInstancesOfDependencies (../node_modules/@nestjs/core/injector/instance-loader.js:22:13)\n      at TestingInstanceLoader.createInstancesOfDependencies (../node_modules/@nestjs/testing/testing-instance-loader.js:9:9)\n      at TestingModuleBuilder.createInstancesOfDependencies (../node_modules/@nestjs/testing/testing-module.builder.js:118:9)\n      at TestingModuleBuilder.compile (../node_modules/@nestjs/testing/testing-module.builder.js:74:9)\n      at Object.<anonymous> (app_modules/auth/services/turnstile.service.spec.ts:13:35)\n\n  ● TurnstileService › verifyToken › returns false on error\n\n    Nest can't resolve dependencies of the TurnstileService (HttpService, ConfigService, ?). Please make sure that the argument MeiliLoggerService at index [2] is available in the RootTestModule context.\n\n    Potential solutions:\n    - Is RootTestModule a valid NestJS module?\n    - If MeiliLoggerService is a provider, is it part of the current RootTestModule?\n    - If MeiliLoggerService is exported from a separate @Module, is that module imported within RootTestModule?\n      @Module({\n        imports: [ /* the Module containing MeiliLoggerService */ ]\n      })\n\n    \u001b[0m \u001b[90m 11 |\u001b[39m   beforeEach(\u001b[36masync\u001b[39m () \u001b[33m=>\u001b[39m {\n     \u001b[90m 12 |\u001b[39m     httpService \u001b[33m=\u001b[39m { post\u001b[33m:\u001b[39m jest\u001b[33m.\u001b[39mfn() }\u001b[33m;\u001b[39m\n    \u001b[31m\u001b[1m>\u001b[22m\u001b[39m\u001b[90m 13 |\u001b[39m     \u001b[36mconst\u001b[39m module\u001b[33m:\u001b[39m \u001b[33mTestingModule\u001b[39m \u001b[33m=\u001b[39m \u001b[36mawait\u001b[39m \u001b[33mTest\u001b[39m\u001b[33m.\u001b[39mcreateTestingModule({\n     \u001b[90m    |\u001b[39m                                   \u001b[31m\u001b[1m^\u001b[22m\u001b[39m\n     \u001b[90m 14 |\u001b[39m       providers\u001b[33m:\u001b[39m [\n     \u001b[90m 15 |\u001b[39m         \u001b[33mTurnstileService\u001b[39m\u001b[33m,\u001b[39m\n     \u001b[90m 16 |\u001b[39m         { provide\u001b[33m:\u001b[39m \u001b[33mHttpService\u001b[39m\u001b[33m,\u001b[39m useValue\u001b[33m:\u001b[39m httpService }\u001b[33m,\u001b[39m\u001b[0m\n\n      at TestingInjector.lookupComponentInParentModules (../node_modules/@nestjs/core/injector/injector.js:262:19)\n      at TestingInjector.resolveComponentInstance (../node_modules/@nestjs/core/injector/injector.js:215:33)\n      at TestingInjector.resolveComponentInstance (../node_modules/@nestjs/testing/testing-injector.js:19:45)\n      at resolveParam (../node_modules/@nestjs/core/injector/injector.js:129:38)\n          at async Promise.all (index 2)\n      at TestingInjector.resolveConstructorParams (../node_modules/@nestjs/core/injector/injector.js:144:27)\n      at TestingInjector.loadInstance (../node_modules/@nestjs/core/injector/injector.js:70:13)\n      at TestingInjector.loadProvider (../node_modules/@nestjs/core/injector/injector.js:98:9)\n      at ../node_modules/@nestjs/core/injector/instance-loader.js:56:13\n          at async Promise.all (index 3)\n      at TestingInstanceLoader.createInstancesOfProviders (../node_modules/@nestjs/core/injector/instance-loader.js:55:9)\n      at ../node_modules/@nestjs/core/injector/instance-loader.js:40:13\n          at async Promise.all (index 1)\n      at TestingInstanceLoader.createInstances (../node_modules/@nestjs/core/injector/instance-loader.js:39:9)\n      at TestingInstanceLoader.createInstancesOfDependencies (../node_modules/@nestjs/core/injector/instance-loader.js:22:13)\n      at TestingInstanceLoader.createInstancesOfDependencies (../node_modules/@nestjs/testing/testing-instance-loader.js:9:9)\n      at TestingModuleBuilder.createInstancesOfDependencies (../node_modules/@nestjs/testing/testing-module.builder.js:118:9)\n      at TestingModuleBuilder.compile (../node_modules/@nestjs/testing/testing-module.builder.js:74:9)\n      at Object.<anonymous> (app_modules/auth/services/turnstile.service.spec.ts:13:35)\n",
            "name": "C:\\.project_repo\\Mercurion\\MercurionWeb\\MercurionWebNode\\src\\app_modules\\auth\\services\\turnstile.service.spec.ts",
            "startTime": 1764553119541,
            "status": "failed",
            "summary": ""
        },
        {
            "assertionResults": [
                {
                    "ancestorTitles": [
                        "GitHubProviderClientService"
                    ],
                    "duration": 18,
                    "failureDetails": [
                        {
                            "type": "GitHubProviderClient",
                            "context": {
                                "index": 0,
                                "dependencies": [
                                    null
                                ]
                            },
                            "metadata": {
                                "id": "bc626a1df5e32615cc7bb"
                            },
                            "moduleRef": {
                                "id": "a95cf9eb46bc626a1df5e"
                            }
                        }
                    ],
                    "failureMessages": [
                        "Error: Nest can't resolve dependencies of the GitHubProviderClient (?). Please make sure that the argument ConfigService at index [0] is available in the RootTestModule context.\n\nPotential solutions:\n- Is RootTestModule a valid NestJS module?\n- If ConfigService is a provider, is it part of the current RootTestModule?\n- If ConfigService is exported from a separate @Module, is that module imported within RootTestModule?\n  @Module({\n    imports: [ /* the Module containing ConfigService */ ]\n  })\n\n    at TestingInjector.lookupComponentInParentModules (C:\\.project_repo\\Mercurion\\MercurionWeb\\MercurionWebNode\\node_modules\\@nestjs\\core\\injector\\injector.js:262:19)\n    at processTicksAndRejections (node:internal/process/task_queues:105:5)\n    at TestingInjector.resolveComponentInstance (C:\\.project_repo\\Mercurion\\MercurionWeb\\MercurionWebNode\\node_modules\\@nestjs\\core\\injector\\injector.js:215:33)\n    at TestingInjector.resolveComponentInstance (C:\\.project_repo\\Mercurion\\MercurionWeb\\MercurionWebNode\\node_modules\\@nestjs\\testing\\testing-injector.js:19:45)\n    at resolveParam (C:\\.project_repo\\Mercurion\\MercurionWeb\\MercurionWebNode\\node_modules\\@nestjs\\core\\injector\\injector.js:129:38)\n    at async Promise.all (index 0)\n    at TestingInjector.resolveConstructorParams (C:\\.project_repo\\Mercurion\\MercurionWeb\\MercurionWebNode\\node_modules\\@nestjs\\core\\injector\\injector.js:144:27)\n    at TestingInjector.loadInstance (C:\\.project_repo\\Mercurion\\MercurionWeb\\MercurionWebNode\\node_modules\\@nestjs\\core\\injector\\injector.js:70:13)\n    at TestingInjector.loadProvider (C:\\.project_repo\\Mercurion\\MercurionWeb\\MercurionWebNode\\node_modules\\@nestjs\\core\\injector\\injector.js:98:9)\n    at C:\\.project_repo\\Mercurion\\MercurionWeb\\MercurionWebNode\\node_modules\\@nestjs\\core\\injector\\instance-loader.js:56:13\n    at async Promise.all (index 3)\n    at TestingInstanceLoader.createInstancesOfProviders (C:\\.project_repo\\Mercurion\\MercurionWeb\\MercurionWebNode\\node_modules\\@nestjs\\core\\injector\\instance-loader.js:55:9)\n    at C:\\.project_repo\\Mercurion\\MercurionWeb\\MercurionWebNode\\node_modules\\@nestjs\\core\\injector\\instance-loader.js:40:13\n    at async Promise.all (index 1)\n    at TestingInstanceLoader.createInstances (C:\\.project_repo\\Mercurion\\MercurionWeb\\MercurionWebNode\\node_modules\\@nestjs\\core\\injector\\instance-loader.js:39:9)\n    at TestingInstanceLoader.createInstancesOfDependencies (C:\\.project_repo\\Mercurion\\MercurionWeb\\MercurionWebNode\\node_modules\\@nestjs\\core\\injector\\instance-loader.js:22:13)\n    at TestingInstanceLoader.createInstancesOfDependencies (C:\\.project_repo\\Mercurion\\MercurionWeb\\MercurionWebNode\\node_modules\\@nestjs\\testing\\testing-instance-loader.js:9:9)\n    at TestingModuleBuilder.createInstancesOfDependencies (C:\\.project_repo\\Mercurion\\MercurionWeb\\MercurionWebNode\\node_modules\\@nestjs\\testing\\testing-module.builder.js:118:9)\n    at TestingModuleBuilder.compile (C:\\.project_repo\\Mercurion\\MercurionWeb\\MercurionWebNode\\node_modules\\@nestjs\\testing\\testing-module.builder.js:74:9)\n    at Object.<anonymous> (C:\\.project_repo\\Mercurion\\MercurionWeb\\MercurionWebNode\\src\\app_modules\\sso\\providers\\github-provider-client.spec.ts:8:35)"
                    ],
                    "fullName": "GitHubProviderClientService should be defined",
                    "invocations": 1,
                    "location": null,
                    "numPassingAsserts": 0,
                    "retryReasons": [],
                    "status": "failed",
                    "title": "should be defined"
                }
            ],
            "endTime": 1764553132785,
            "message": "  ● GitHubProviderClientService › should be defined\n\n    Nest can't resolve dependencies of the GitHubProviderClient (?). Please make sure that the argument ConfigService at index [0] is available in the RootTestModule context.\n\n    Potential solutions:\n    - Is RootTestModule a valid NestJS module?\n    - If ConfigService is a provider, is it part of the current RootTestModule?\n    - If ConfigService is exported from a separate @Module, is that module imported within RootTestModule?\n      @Module({\n        imports: [ /* the Module containing ConfigService */ ]\n      })\n\n    \u001b[0m \u001b[90m  6 |\u001b[39m\n     \u001b[90m  7 |\u001b[39m   beforeEach(\u001b[36masync\u001b[39m () \u001b[33m=>\u001b[39m {\n    \u001b[31m\u001b[1m>\u001b[22m\u001b[39m\u001b[90m  8 |\u001b[39m     \u001b[36mconst\u001b[39m module\u001b[33m:\u001b[39m \u001b[33mTestingModule\u001b[39m \u001b[33m=\u001b[39m \u001b[36mawait\u001b[39m \u001b[33mTest\u001b[39m\u001b[33m.\u001b[39mcreateTestingModule({\n     \u001b[90m    |\u001b[39m                                   \u001b[31m\u001b[1m^\u001b[22m\u001b[39m\n     \u001b[90m  9 |\u001b[39m       providers\u001b[33m:\u001b[39m [\u001b[33mGitHubProviderClient\u001b[39m]\u001b[33m,\u001b[39m\n     \u001b[90m 10 |\u001b[39m     })\u001b[33m.\u001b[39mcompile()\u001b[33m;\u001b[39m\n     \u001b[90m 11 |\u001b[39m\u001b[0m\n\n      at TestingInjector.lookupComponentInParentModules (../node_modules/@nestjs/core/injector/injector.js:262:19)\n      at TestingInjector.resolveComponentInstance (../node_modules/@nestjs/core/injector/injector.js:215:33)\n      at TestingInjector.resolveComponentInstance (../node_modules/@nestjs/testing/testing-injector.js:19:45)\n      at resolveParam (../node_modules/@nestjs/core/injector/injector.js:129:38)\n          at async Promise.all (index 0)\n      at TestingInjector.resolveConstructorParams (../node_modules/@nestjs/core/injector/injector.js:144:27)\n      at TestingInjector.loadInstance (../node_modules/@nestjs/core/injector/injector.js:70:13)\n      at TestingInjector.loadProvider (../node_modules/@nestjs/core/injector/injector.js:98:9)\n      at ../node_modules/@nestjs/core/injector/instance-loader.js:56:13\n          at async Promise.all (index 3)\n      at TestingInstanceLoader.createInstancesOfProviders (../node_modules/@nestjs/core/injector/instance-loader.js:55:9)\n      at ../node_modules/@nestjs/core/injector/instance-loader.js:40:13\n          at async Promise.all (index 1)\n      at TestingInstanceLoader.createInstances (../node_modules/@nestjs/core/injector/instance-loader.js:39:9)\n      at TestingInstanceLoader.createInstancesOfDependencies (../node_modules/@nestjs/core/injector/instance-loader.js:22:13)\n      at TestingInstanceLoader.createInstancesOfDependencies (../node_modules/@nestjs/testing/testing-instance-loader.js:9:9)\n      at TestingModuleBuilder.createInstancesOfDependencies (../node_modules/@nestjs/testing/testing-module.builder.js:118:9)\n      at TestingModuleBuilder.compile (../node_modules/@nestjs/testing/testing-module.builder.js:74:9)\n      at Object.<anonymous> (app_modules/sso/providers/github-provider-client.spec.ts:8:35)\n",
            "name": "C:\\.project_repo\\Mercurion\\MercurionWeb\\MercurionWebNode\\src\\app_modules\\sso\\providers\\github-provider-client.spec.ts",
            "startTime": 1764553119479,
            "status": "failed",
            "summary": ""
        },
        {
            "assertionResults": [
                {
                    "ancestorTitles": [
                        "SercurityService"
                    ],
                    "duration": 21,
                    "failureDetails": [
                        {
                            "type": "SercurityService",
                            "context": {
                                "index": 1,
                                "dependencies": [
                                    null,
                                    null
                                ]
                            },
                            "metadata": {
                                "id": "c5fe1aacf35160e2ab10e"
                            },
                            "moduleRef": {
                                "id": "7d60a8d461c5fe1aacf35"
                            }
                        }
                    ],
                    "failureMessages": [
                        "Error: Nest can't resolve dependencies of the SercurityService (ConfigService, ?). Please make sure that the argument PasswordEncoderService at index [1] is available in the RootTestModule context.\n\nPotential solutions:\n- Is RootTestModule a valid NestJS module?\n- If PasswordEncoderService is a provider, is it part of the current RootTestModule?\n- If PasswordEncoderService is exported from a separate @Module, is that module imported within RootTestModule?\n  @Module({\n    imports: [ /* the Module containing PasswordEncoderService */ ]\n  })\n\n    at TestingInjector.lookupComponentInParentModules (C:\\.project_repo\\Mercurion\\MercurionWeb\\MercurionWebNode\\node_modules\\@nestjs\\core\\injector\\injector.js:262:19)\n    at processTicksAndRejections (node:internal/process/task_queues:105:5)\n    at TestingInjector.resolveComponentInstance (C:\\.project_repo\\Mercurion\\MercurionWeb\\MercurionWebNode\\node_modules\\@nestjs\\core\\injector\\injector.js:215:33)\n    at TestingInjector.resolveComponentInstance (C:\\.project_repo\\Mercurion\\MercurionWeb\\MercurionWebNode\\node_modules\\@nestjs\\testing\\testing-injector.js:19:45)\n    at resolveParam (C:\\.project_repo\\Mercurion\\MercurionWeb\\MercurionWebNode\\node_modules\\@nestjs\\core\\injector\\injector.js:129:38)\n    at async Promise.all (index 1)\n    at TestingInjector.resolveConstructorParams (C:\\.project_repo\\Mercurion\\MercurionWeb\\MercurionWebNode\\node_modules\\@nestjs\\core\\injector\\injector.js:144:27)\n    at TestingInjector.loadInstance (C:\\.project_repo\\Mercurion\\MercurionWeb\\MercurionWebNode\\node_modules\\@nestjs\\core\\injector\\injector.js:70:13)\n    at TestingInjector.loadProvider (C:\\.project_repo\\Mercurion\\MercurionWeb\\MercurionWebNode\\node_modules\\@nestjs\\core\\injector\\injector.js:98:9)\n    at C:\\.project_repo\\Mercurion\\MercurionWeb\\MercurionWebNode\\node_modules\\@nestjs\\core\\injector\\instance-loader.js:56:13\n    at async Promise.all (index 3)\n    at TestingInstanceLoader.createInstancesOfProviders (C:\\.project_repo\\Mercurion\\MercurionWeb\\MercurionWebNode\\node_modules\\@nestjs\\core\\injector\\instance-loader.js:55:9)\n    at C:\\.project_repo\\Mercurion\\MercurionWeb\\MercurionWebNode\\node_modules\\@nestjs\\core\\injector\\instance-loader.js:40:13\n    at async Promise.all (index 1)\n    at TestingInstanceLoader.createInstances (C:\\.project_repo\\Mercurion\\MercurionWeb\\MercurionWebNode\\node_modules\\@nestjs\\core\\injector\\instance-loader.js:39:9)\n    at TestingInstanceLoader.createInstancesOfDependencies (C:\\.project_repo\\Mercurion\\MercurionWeb\\MercurionWebNode\\node_modules\\@nestjs\\core\\injector\\instance-loader.js:22:13)\n    at TestingInstanceLoader.createInstancesOfDependencies (C:\\.project_repo\\Mercurion\\MercurionWeb\\MercurionWebNode\\node_modules\\@nestjs\\testing\\testing-instance-loader.js:9:9)\n    at TestingModuleBuilder.createInstancesOfDependencies (C:\\.project_repo\\Mercurion\\MercurionWeb\\MercurionWebNode\\node_modules\\@nestjs\\testing\\testing-module.builder.js:118:9)\n    at TestingModuleBuilder.compile (C:\\.project_repo\\Mercurion\\MercurionWeb\\MercurionWebNode\\node_modules\\@nestjs\\testing\\testing-module.builder.js:74:9)\n    at Object.<anonymous> (C:\\.project_repo\\Mercurion\\MercurionWeb\\MercurionWebNode\\src\\app_modules\\auth\\services\\sercurity.service.spec.ts:9:35)"
                    ],
                    "fullName": "SercurityService should be defined",
                    "invocations": 1,
                    "location": null,
                    "numPassingAsserts": 0,
                    "retryReasons": [],
                    "status": "failed",
                    "title": "should be defined"
                }
            ],
            "endTime": 1764553133047,
            "message": "  ● SercurityService › should be defined\n\n    Nest can't resolve dependencies of the SercurityService (ConfigService, ?). Please make sure that the argument PasswordEncoderService at index [1] is available in the RootTestModule context.\n\n    Potential solutions:\n    - Is RootTestModule a valid NestJS module?\n    - If PasswordEncoderService is a provider, is it part of the current RootTestModule?\n    - If PasswordEncoderService is exported from a separate @Module, is that module imported within RootTestModule?\n      @Module({\n        imports: [ /* the Module containing PasswordEncoderService */ ]\n      })\n\n    \u001b[0m \u001b[90m  7 |\u001b[39m\n     \u001b[90m  8 |\u001b[39m   beforeEach(\u001b[36masync\u001b[39m () \u001b[33m=>\u001b[39m {\n    \u001b[31m\u001b[1m>\u001b[22m\u001b[39m\u001b[90m  9 |\u001b[39m     \u001b[36mconst\u001b[39m module\u001b[33m:\u001b[39m \u001b[33mTestingModule\u001b[39m \u001b[33m=\u001b[39m \u001b[36mawait\u001b[39m \u001b[33mTest\u001b[39m\u001b[33m.\u001b[39mcreateTestingModule({\n     \u001b[90m    |\u001b[39m                                   \u001b[31m\u001b[1m^\u001b[22m\u001b[39m\n     \u001b[90m 10 |\u001b[39m       providers\u001b[33m:\u001b[39m [\n     \u001b[90m 11 |\u001b[39m         \u001b[33mSercurityService\u001b[39m\u001b[33m,\u001b[39m\n     \u001b[90m 12 |\u001b[39m         { provide\u001b[33m:\u001b[39m \u001b[33mConfigService\u001b[39m\u001b[33m,\u001b[39m useValue\u001b[33m:\u001b[39m { \u001b[36mget\u001b[39m\u001b[33m:\u001b[39m jest\u001b[33m.\u001b[39mfn()\u001b[33m.\u001b[39mmockReturnValue(\u001b[32m''\u001b[39m) } }\u001b[33m,\u001b[39m\u001b[0m\n\n      at TestingInjector.lookupComponentInParentModules (../node_modules/@nestjs/core/injector/injector.js:262:19)\n      at TestingInjector.resolveComponentInstance (../node_modules/@nestjs/core/injector/injector.js:215:33)\n      at TestingInjector.resolveComponentInstance (../node_modules/@nestjs/testing/testing-injector.js:19:45)\n      at resolveParam (../node_modules/@nestjs/core/injector/injector.js:129:38)\n          at async Promise.all (index 1)\n      at TestingInjector.resolveConstructorParams (../node_modules/@nestjs/core/injector/injector.js:144:27)\n      at TestingInjector.loadInstance (../node_modules/@nestjs/core/injector/injector.js:70:13)\n      at TestingInjector.loadProvider (../node_modules/@nestjs/core/injector/injector.js:98:9)\n      at ../node_modules/@nestjs/core/injector/instance-loader.js:56:13\n          at async Promise.all (index 3)\n      at TestingInstanceLoader.createInstancesOfProviders (../node_modules/@nestjs/core/injector/instance-loader.js:55:9)\n      at ../node_modules/@nestjs/core/injector/instance-loader.js:40:13\n          at async Promise.all (index 1)\n      at TestingInstanceLoader.createInstances (../node_modules/@nestjs/core/injector/instance-loader.js:39:9)\n      at TestingInstanceLoader.createInstancesOfDependencies (../node_modules/@nestjs/core/injector/instance-loader.js:22:13)\n      at TestingInstanceLoader.createInstancesOfDependencies (../node_modules/@nestjs/testing/testing-instance-loader.js:9:9)\n      at TestingModuleBuilder.createInstancesOfDependencies (../node_modules/@nestjs/testing/testing-module.builder.js:118:9)\n      at TestingModuleBuilder.compile (../node_modules/@nestjs/testing/testing-module.builder.js:74:9)\n      at Object.<anonymous> (app_modules/auth/services/sercurity.service.spec.ts:9:35)\n",
            "name": "C:\\.project_repo\\Mercurion\\MercurionWeb\\MercurionWebNode\\src\\app_modules\\auth\\services\\sercurity.service.spec.ts",
            "startTime": 1764553119567,
            "status": "failed",
            "summary": ""
        },
        {
            "assertionResults": [
                {
                    "ancestorTitles": [
                        "CountryController"
                    ],
                    "duration": 21,
                    "failureDetails": [
                        {
                            "type": "CountryController",
                            "context": {
                                "index": 0,
                                "dependencies": [
                                    null
                                ]
                            },
                            "metadata": {
                                "id": "956757cfb72eba3369e07"
                            },
                            "moduleRef": {
                                "id": "3220ea15c2956757cfb72"
                            }
                        }
                    ],
                    "failureMessages": [
                        "Error: Nest can't resolve dependencies of the CountryController (?). Please make sure that the argument CountryService at index [0] is available in the RootTestModule context.\n\nPotential solutions:\n- Is RootTestModule a valid NestJS module?\n- If CountryService is a provider, is it part of the current RootTestModule?\n- If CountryService is exported from a separate @Module, is that module imported within RootTestModule?\n  @Module({\n    imports: [ /* the Module containing CountryService */ ]\n  })\n\n    at TestingInjector.lookupComponentInParentModules (C:\\.project_repo\\Mercurion\\MercurionWeb\\MercurionWebNode\\node_modules\\@nestjs\\core\\injector\\injector.js:262:19)\n    at processTicksAndRejections (node:internal/process/task_queues:105:5)\n    at TestingInjector.resolveComponentInstance (C:\\.project_repo\\Mercurion\\MercurionWeb\\MercurionWebNode\\node_modules\\@nestjs\\core\\injector\\injector.js:215:33)\n    at TestingInjector.resolveComponentInstance (C:\\.project_repo\\Mercurion\\MercurionWeb\\MercurionWebNode\\node_modules\\@nestjs\\testing\\testing-injector.js:19:45)\n    at resolveParam (C:\\.project_repo\\Mercurion\\MercurionWeb\\MercurionWebNode\\node_modules\\@nestjs\\core\\injector\\injector.js:129:38)\n    at async Promise.all (index 0)\n    at TestingInjector.resolveConstructorParams (C:\\.project_repo\\Mercurion\\MercurionWeb\\MercurionWebNode\\node_modules\\@nestjs\\core\\injector\\injector.js:144:27)\n    at TestingInjector.loadInstance (C:\\.project_repo\\Mercurion\\MercurionWeb\\MercurionWebNode\\node_modules\\@nestjs\\core\\injector\\injector.js:70:13)\n    at TestingInjector.loadController (C:\\.project_repo\\Mercurion\\MercurionWeb\\MercurionWebNode\\node_modules\\@nestjs\\core\\injector\\injector.js:89:9)\n    at C:\\.project_repo\\Mercurion\\MercurionWeb\\MercurionWebNode\\node_modules\\@nestjs\\core\\injector\\instance-loader.js:68:13\n    at async Promise.all (index 0)\n    at TestingInstanceLoader.createInstancesOfControllers (C:\\.project_repo\\Mercurion\\MercurionWeb\\MercurionWebNode\\node_modules\\@nestjs\\core\\injector\\instance-loader.js:67:9)\n    at C:\\.project_repo\\Mercurion\\MercurionWeb\\MercurionWebNode\\node_modules\\@nestjs\\core\\injector\\instance-loader.js:42:13\n    at async Promise.all (index 1)\n    at TestingInstanceLoader.createInstances (C:\\.project_repo\\Mercurion\\MercurionWeb\\MercurionWebNode\\node_modules\\@nestjs\\core\\injector\\instance-loader.js:39:9)\n    at TestingInstanceLoader.createInstancesOfDependencies (C:\\.project_repo\\Mercurion\\MercurionWeb\\MercurionWebNode\\node_modules\\@nestjs\\core\\injector\\instance-loader.js:22:13)\n    at TestingInstanceLoader.createInstancesOfDependencies (C:\\.project_repo\\Mercurion\\MercurionWeb\\MercurionWebNode\\node_modules\\@nestjs\\testing\\testing-instance-loader.js:9:9)\n    at TestingModuleBuilder.createInstancesOfDependencies (C:\\.project_repo\\Mercurion\\MercurionWeb\\MercurionWebNode\\node_modules\\@nestjs\\testing\\testing-module.builder.js:118:9)\n    at TestingModuleBuilder.compile (C:\\.project_repo\\Mercurion\\MercurionWeb\\MercurionWebNode\\node_modules\\@nestjs\\testing\\testing-module.builder.js:74:9)\n    at Object.<anonymous> (C:\\.project_repo\\Mercurion\\MercurionWeb\\MercurionWebNode\\src\\app_modules\\auth\\controllers\\country.controller.spec.ts:8:35)"
                    ],
                    "fullName": "CountryController should be defined",
                    "invocations": 1,
                    "location": null,
                    "numPassingAsserts": 0,
                    "retryReasons": [],
                    "status": "failed",
                    "title": "should be defined"
                }
            ],
            "endTime": 1764553133885,
            "message": "  ● CountryController › should be defined\n\n    Nest can't resolve dependencies of the CountryController (?). Please make sure that the argument CountryService at index [0] is available in the RootTestModule context.\n\n    Potential solutions:\n    - Is RootTestModule a valid NestJS module?\n    - If CountryService is a provider, is it part of the current RootTestModule?\n    - If CountryService is exported from a separate @Module, is that module imported within RootTestModule?\n      @Module({\n        imports: [ /* the Module containing CountryService */ ]\n      })\n\n    \u001b[0m \u001b[90m  6 |\u001b[39m\n     \u001b[90m  7 |\u001b[39m   beforeEach(\u001b[36masync\u001b[39m () \u001b[33m=>\u001b[39m {\n    \u001b[31m\u001b[1m>\u001b[22m\u001b[39m\u001b[90m  8 |\u001b[39m     \u001b[36mconst\u001b[39m module\u001b[33m:\u001b[39m \u001b[33mTestingModule\u001b[39m \u001b[33m=\u001b[39m \u001b[36mawait\u001b[39m \u001b[33mTest\u001b[39m\u001b[33m.\u001b[39mcreateTestingModule({\n     \u001b[90m    |\u001b[39m                                   \u001b[31m\u001b[1m^\u001b[22m\u001b[39m\n     \u001b[90m  9 |\u001b[39m       controllers\u001b[33m:\u001b[39m [\u001b[33mCountryController\u001b[39m]\u001b[33m,\u001b[39m\n     \u001b[90m 10 |\u001b[39m     })\u001b[33m.\u001b[39mcompile()\u001b[33m;\u001b[39m\n     \u001b[90m 11 |\u001b[39m\u001b[0m\n\n      at TestingInjector.lookupComponentInParentModules (../node_modules/@nestjs/core/injector/injector.js:262:19)\n      at TestingInjector.resolveComponentInstance (../node_modules/@nestjs/core/injector/injector.js:215:33)\n      at TestingInjector.resolveComponentInstance (../node_modules/@nestjs/testing/testing-injector.js:19:45)\n      at resolveParam (../node_modules/@nestjs/core/injector/injector.js:129:38)\n          at async Promise.all (index 0)\n      at TestingInjector.resolveConstructorParams (../node_modules/@nestjs/core/injector/injector.js:144:27)\n      at TestingInjector.loadInstance (../node_modules/@nestjs/core/injector/injector.js:70:13)\n      at TestingInjector.loadController (../node_modules/@nestjs/core/injector/injector.js:89:9)\n      at ../node_modules/@nestjs/core/injector/instance-loader.js:68:13\n          at async Promise.all (index 0)\n      at TestingInstanceLoader.createInstancesOfControllers (../node_modules/@nestjs/core/injector/instance-loader.js:67:9)\n      at ../node_modules/@nestjs/core/injector/instance-loader.js:42:13\n          at async Promise.all (index 1)\n      at TestingInstanceLoader.createInstances (../node_modules/@nestjs/core/injector/instance-loader.js:39:9)\n      at TestingInstanceLoader.createInstancesOfDependencies (../node_modules/@nestjs/core/injector/instance-loader.js:22:13)\n      at TestingInstanceLoader.createInstancesOfDependencies (../node_modules/@nestjs/testing/testing-instance-loader.js:9:9)\n      at TestingModuleBuilder.createInstancesOfDependencies (../node_modules/@nestjs/testing/testing-module.builder.js:118:9)\n      at TestingModuleBuilder.compile (../node_modules/@nestjs/testing/testing-module.builder.js:74:9)\n      at Object.<anonymous> (app_modules/auth/controllers/country.controller.spec.ts:8:35)\n",
            "name": "C:\\.project_repo\\Mercurion\\MercurionWeb\\MercurionWebNode\\src\\app_modules\\auth\\controllers\\country.controller.spec.ts",
            "startTime": 1764553119567,
            "status": "failed",
            "summary": ""
        },
        {
            "assertionResults": [
                {
                    "ancestorTitles": [
                        "CountryService"
                    ],
                    "duration": 25,
                    "failureDetails": [
                        {
                            "type": "CountryService",
                            "context": {
                                "index": 0,
                                "dependencies": [
                                    "CountryRepository"
                                ],
                                "name": "CountryRepository"
                            },
                            "metadata": {
                                "id": "6e8bdb8f6112eb76554d7"
                            },
                            "moduleRef": {
                                "id": "775ac46b076e8bdb8f611"
                            }
                        }
                    ],
                    "failureMessages": [
                        "Error: Nest can't resolve dependencies of the CountryService (?). Please make sure that the argument \"CountryRepository\" at index [0] is available in the RootTestModule context.\n\nPotential solutions:\n- Is RootTestModule a valid NestJS module?\n- If \"CountryRepository\" is a provider, is it part of the current RootTestModule?\n- If \"CountryRepository\" is exported from a separate @Module, is that module imported within RootTestModule?\n  @Module({\n    imports: [ /* the Module containing \"CountryRepository\" */ ]\n  })\n\n    at TestingInjector.lookupComponentInParentModules (C:\\.project_repo\\Mercurion\\MercurionWeb\\MercurionWebNode\\node_modules\\@nestjs\\core\\injector\\injector.js:262:19)\n    at processTicksAndRejections (node:internal/process/task_queues:105:5)\n    at TestingInjector.resolveComponentInstance (C:\\.project_repo\\Mercurion\\MercurionWeb\\MercurionWebNode\\node_modules\\@nestjs\\core\\injector\\injector.js:215:33)\n    at TestingInjector.resolveComponentInstance (C:\\.project_repo\\Mercurion\\MercurionWeb\\MercurionWebNode\\node_modules\\@nestjs\\testing\\testing-injector.js:19:45)\n    at resolveParam (C:\\.project_repo\\Mercurion\\MercurionWeb\\MercurionWebNode\\node_modules\\@nestjs\\core\\injector\\injector.js:129:38)\n    at async Promise.all (index 0)\n    at TestingInjector.resolveConstructorParams (C:\\.project_repo\\Mercurion\\MercurionWeb\\MercurionWebNode\\node_modules\\@nestjs\\core\\injector\\injector.js:144:27)\n    at TestingInjector.loadInstance (C:\\.project_repo\\Mercurion\\MercurionWeb\\MercurionWebNode\\node_modules\\@nestjs\\core\\injector\\injector.js:70:13)\n    at TestingInjector.loadProvider (C:\\.project_repo\\Mercurion\\MercurionWeb\\MercurionWebNode\\node_modules\\@nestjs\\core\\injector\\injector.js:98:9)\n    at C:\\.project_repo\\Mercurion\\MercurionWeb\\MercurionWebNode\\node_modules\\@nestjs\\core\\injector\\instance-loader.js:56:13\n    at async Promise.all (index 3)\n    at TestingInstanceLoader.createInstancesOfProviders (C:\\.project_repo\\Mercurion\\MercurionWeb\\MercurionWebNode\\node_modules\\@nestjs\\core\\injector\\instance-loader.js:55:9)\n    at C:\\.project_repo\\Mercurion\\MercurionWeb\\MercurionWebNode\\node_modules\\@nestjs\\core\\injector\\instance-loader.js:40:13\n    at async Promise.all (index 1)\n    at TestingInstanceLoader.createInstances (C:\\.project_repo\\Mercurion\\MercurionWeb\\MercurionWebNode\\node_modules\\@nestjs\\core\\injector\\instance-loader.js:39:9)\n    at TestingInstanceLoader.createInstancesOfDependencies (C:\\.project_repo\\Mercurion\\MercurionWeb\\MercurionWebNode\\node_modules\\@nestjs\\core\\injector\\instance-loader.js:22:13)\n    at TestingInstanceLoader.createInstancesOfDependencies (C:\\.project_repo\\Mercurion\\MercurionWeb\\MercurionWebNode\\node_modules\\@nestjs\\testing\\testing-instance-loader.js:9:9)\n    at TestingModuleBuilder.createInstancesOfDependencies (C:\\.project_repo\\Mercurion\\MercurionWeb\\MercurionWebNode\\node_modules\\@nestjs\\testing\\testing-module.builder.js:118:9)\n    at TestingModuleBuilder.compile (C:\\.project_repo\\Mercurion\\MercurionWeb\\MercurionWebNode\\node_modules\\@nestjs\\testing\\testing-module.builder.js:74:9)\n    at Object.<anonymous> (C:\\.project_repo\\Mercurion\\MercurionWeb\\MercurionWebNode\\src\\app_modules\\auth\\services\\country.service.spec.ts:8:35)"
                    ],
                    "fullName": "CountryService should be defined",
                    "invocations": 1,
                    "location": null,
                    "numPassingAsserts": 0,
                    "retryReasons": [],
                    "status": "failed",
                    "title": "should be defined"
                }
            ],
            "endTime": 1764553134011,
            "message": "  ● CountryService › should be defined\n\n    Nest can't resolve dependencies of the CountryService (?). Please make sure that the argument \"CountryRepository\" at index [0] is available in the RootTestModule context.\n\n    Potential solutions:\n    - Is RootTestModule a valid NestJS module?\n    - If \"CountryRepository\" is a provider, is it part of the current RootTestModule?\n    - If \"CountryRepository\" is exported from a separate @Module, is that module imported within RootTestModule?\n      @Module({\n        imports: [ /* the Module containing \"CountryRepository\" */ ]\n      })\n\n    \u001b[0m \u001b[90m  6 |\u001b[39m\n     \u001b[90m  7 |\u001b[39m   beforeEach(\u001b[36masync\u001b[39m () \u001b[33m=>\u001b[39m {\n    \u001b[31m\u001b[1m>\u001b[22m\u001b[39m\u001b[90m  8 |\u001b[39m     \u001b[36mconst\u001b[39m module\u001b[33m:\u001b[39m \u001b[33mTestingModule\u001b[39m \u001b[33m=\u001b[39m \u001b[36mawait\u001b[39m \u001b[33mTest\u001b[39m\u001b[33m.\u001b[39mcreateTestingModule({\n     \u001b[90m    |\u001b[39m                                   \u001b[31m\u001b[1m^\u001b[22m\u001b[39m\n     \u001b[90m  9 |\u001b[39m       providers\u001b[33m:\u001b[39m [\u001b[33mCountryService\u001b[39m]\u001b[33m,\u001b[39m\n     \u001b[90m 10 |\u001b[39m     })\u001b[33m.\u001b[39mcompile()\u001b[33m;\u001b[39m\n     \u001b[90m 11 |\u001b[39m\u001b[0m\n\n      at TestingInjector.lookupComponentInParentModules (../node_modules/@nestjs/core/injector/injector.js:262:19)\n      at TestingInjector.resolveComponentInstance (../node_modules/@nestjs/core/injector/injector.js:215:33)\n      at TestingInjector.resolveComponentInstance (../node_modules/@nestjs/testing/testing-injector.js:19:45)\n      at resolveParam (../node_modules/@nestjs/core/injector/injector.js:129:38)\n          at async Promise.all (index 0)\n      at TestingInjector.resolveConstructorParams (../node_modules/@nestjs/core/injector/injector.js:144:27)\n      at TestingInjector.loadInstance (../node_modules/@nestjs/core/injector/injector.js:70:13)\n      at TestingInjector.loadProvider (../node_modules/@nestjs/core/injector/injector.js:98:9)\n      at ../node_modules/@nestjs/core/injector/instance-loader.js:56:13\n          at async Promise.all (index 3)\n      at TestingInstanceLoader.createInstancesOfProviders (../node_modules/@nestjs/core/injector/instance-loader.js:55:9)\n      at ../node_modules/@nestjs/core/injector/instance-loader.js:40:13\n          at async Promise.all (index 1)\n      at TestingInstanceLoader.createInstances (../node_modules/@nestjs/core/injector/instance-loader.js:39:9)\n      at TestingInstanceLoader.createInstancesOfDependencies (../node_modules/@nestjs/core/injector/instance-loader.js:22:13)\n      at TestingInstanceLoader.createInstancesOfDependencies (../node_modules/@nestjs/testing/testing-instance-loader.js:9:9)\n      at TestingModuleBuilder.createInstancesOfDependencies (../node_modules/@nestjs/testing/testing-module.builder.js:118:9)\n      at TestingModuleBuilder.compile (../node_modules/@nestjs/testing/testing-module.builder.js:74:9)\n      at Object.<anonymous> (app_modules/auth/services/country.service.spec.ts:8:35)\n",
            "name": "C:\\.project_repo\\Mercurion\\MercurionWeb\\MercurionWebNode\\src\\app_modules\\auth\\services\\country.service.spec.ts",
            "startTime": 1764553119533,
            "status": "failed",
            "summary": ""
        },
        {
            "assertionResults": [
                {
                    "ancestorTitles": [
                        "AdminController"
                    ],
                    "duration": 21,
                    "failureDetails": [
                        {
                            "type": "AdminController",
                            "context": {
                                "index": 0,
                                "dependencies": [
                                    null,
                                    null
                                ]
                            },
                            "metadata": {
                                "id": "8018faa63a5eeface5311"
                            },
                            "moduleRef": {
                                "id": "77c55fe4ec8018faa63a5"
                            }
                        }
                    ],
                    "failureMessages": [
                        "Error: Nest can't resolve dependencies of the AdminController (?, ResponseService). Please make sure that the argument MeiliLoggerService at index [0] is available in the RootTestModule context.\n\nPotential solutions:\n- Is RootTestModule a valid NestJS module?\n- If MeiliLoggerService is a provider, is it part of the current RootTestModule?\n- If MeiliLoggerService is exported from a separate @Module, is that module imported within RootTestModule?\n  @Module({\n    imports: [ /* the Module containing MeiliLoggerService */ ]\n  })\n\n    at TestingInjector.lookupComponentInParentModules (C:\\.project_repo\\Mercurion\\MercurionWeb\\MercurionWebNode\\node_modules\\@nestjs\\core\\injector\\injector.js:262:19)\n    at processTicksAndRejections (node:internal/process/task_queues:105:5)\n    at TestingInjector.resolveComponentInstance (C:\\.project_repo\\Mercurion\\MercurionWeb\\MercurionWebNode\\node_modules\\@nestjs\\core\\injector\\injector.js:215:33)\n    at TestingInjector.resolveComponentInstance (C:\\.project_repo\\Mercurion\\MercurionWeb\\MercurionWebNode\\node_modules\\@nestjs\\testing\\testing-injector.js:19:45)\n    at resolveParam (C:\\.project_repo\\Mercurion\\MercurionWeb\\MercurionWebNode\\node_modules\\@nestjs\\core\\injector\\injector.js:129:38)\n    at async Promise.all (index 0)\n    at TestingInjector.resolveConstructorParams (C:\\.project_repo\\Mercurion\\MercurionWeb\\MercurionWebNode\\node_modules\\@nestjs\\core\\injector\\injector.js:144:27)\n    at TestingInjector.loadInstance (C:\\.project_repo\\Mercurion\\MercurionWeb\\MercurionWebNode\\node_modules\\@nestjs\\core\\injector\\injector.js:70:13)\n    at TestingInjector.loadController (C:\\.project_repo\\Mercurion\\MercurionWeb\\MercurionWebNode\\node_modules\\@nestjs\\core\\injector\\injector.js:89:9)\n    at C:\\.project_repo\\Mercurion\\MercurionWeb\\MercurionWebNode\\node_modules\\@nestjs\\core\\injector\\instance-loader.js:68:13\n    at async Promise.all (index 0)\n    at TestingInstanceLoader.createInstancesOfControllers (C:\\.project_repo\\Mercurion\\MercurionWeb\\MercurionWebNode\\node_modules\\@nestjs\\core\\injector\\instance-loader.js:67:9)\n    at C:\\.project_repo\\Mercurion\\MercurionWeb\\MercurionWebNode\\node_modules\\@nestjs\\core\\injector\\instance-loader.js:42:13\n    at async Promise.all (index 1)\n    at TestingInstanceLoader.createInstances (C:\\.project_repo\\Mercurion\\MercurionWeb\\MercurionWebNode\\node_modules\\@nestjs\\core\\injector\\instance-loader.js:39:9)\n    at TestingInstanceLoader.createInstancesOfDependencies (C:\\.project_repo\\Mercurion\\MercurionWeb\\MercurionWebNode\\node_modules\\@nestjs\\core\\injector\\instance-loader.js:22:13)\n    at TestingInstanceLoader.createInstancesOfDependencies (C:\\.project_repo\\Mercurion\\MercurionWeb\\MercurionWebNode\\node_modules\\@nestjs\\testing\\testing-instance-loader.js:9:9)\n    at TestingModuleBuilder.createInstancesOfDependencies (C:\\.project_repo\\Mercurion\\MercurionWeb\\MercurionWebNode\\node_modules\\@nestjs\\testing\\testing-module.builder.js:118:9)\n    at TestingModuleBuilder.compile (C:\\.project_repo\\Mercurion\\MercurionWeb\\MercurionWebNode\\node_modules\\@nestjs\\testing\\testing-module.builder.js:74:9)\n    at Object.<anonymous> (C:\\.project_repo\\Mercurion\\MercurionWeb\\MercurionWebNode\\src\\app_modules\\admin\\controllers\\admin.controller.spec.ts:8:35)"
                    ],
[...]
.js';\n                                                                                      ^^^^^^\n\n    SyntaxError: Unexpected token 'export'\n\n    \u001b[0m \u001b[90m 2 |\u001b[39m \u001b[36mimport\u001b[39m { \u001b[33mConfigService\u001b[39m } \u001b[36mfrom\u001b[39m \u001b[32m'@nestjs/config'\u001b[39m\u001b[33m;\u001b[39m\n     \u001b[90m 3 |\u001b[39m \u001b[36mimport\u001b[39m axios \u001b[36mfrom\u001b[39m \u001b[32m'axios'\u001b[39m\u001b[33m;\u001b[39m\n    \u001b[31m\u001b[1m>\u001b[22m\u001b[39m\u001b[90m 4 |\u001b[39m \u001b[36mimport\u001b[39m { createRemoteJWKSet\u001b[33m,\u001b[39m jwtVerify } \u001b[36mfrom\u001b[39m \u001b[32m'jose'\u001b[39m\u001b[33m;\u001b[39m\n     \u001b[90m   |\u001b[39m \u001b[31m\u001b[1m^\u001b[22m\u001b[39m\n     \u001b[90m 5 |\u001b[39m \u001b[36mimport\u001b[39m { \u001b[33mISocialProviderClient\u001b[39m } \u001b[36mfrom\u001b[39m \u001b[32m'../Models/interfaces/i-social-provider-client.interface'\u001b[39m\u001b[33m;\u001b[39m\n     \u001b[90m 6 |\u001b[39m \u001b[36mimport\u001b[39m { \u001b[33mProviderProfile\u001b[39m } \u001b[36mfrom\u001b[39m \u001b[32m'../Models/interfaces/provider-profile.interface'\u001b[39m\u001b[33m;\u001b[39m\n     \u001b[90m 7 |\u001b[39m \u001b[36mimport\u001b[39m { \u001b[33mAuthProvider\u001b[39m } \u001b[36mfrom\u001b[39m \u001b[32m'../Models/enums/auth-provider.enum'\u001b[39m\u001b[33m;\u001b[39m\u001b[0m\n\n      at Runtime.createScriptFromCode (../node_modules/jest-runtime/build/index.js:1505:14)\n      at Object.<anonymous> (app_modules/sso/providers/google-provider-client.ts:4:1)\n      at Object.<anonymous> (app_modules/sso/services/social-provider-registry.ts:4:1)\n      at Object.<anonymous> (app_modules/sso/services/social-auth.service.ts:6:1)\n      at Object.<anonymous> (app_modules/sso/sso.module.ts:6:1)\n      at Object.<anonymous> (app_modules/user/user.module.ts:11:1)\n      at Object.<anonymous> (app_modules/molecule-collection/molecule-collection.module.ts:17:1)\n      at Object.<anonymous> (app_modules/meilisearch/meilisearch.module.ts:9:1)\n      at Object.<anonymous> (app_modules/oauth2-client/oauth2-client.module.ts:9:1)\n      at Object.<anonymous> (app_modules/redis/redis.module.ts:5:1)\n      at Object.<anonymous> (app.module.ts:7:1)\n      at Object.<anonymous> (app.module.spec.ts:1:1)\n",
            "name": "C:\\.project_repo\\Mercurion\\MercurionWeb\\MercurionWebNode\\src\\app.module.spec.ts",
            "startTime": 1764553140763,
            "status": "failed",
            "summary": ""
        },
        {
            "assertionResults": [],
            "coverage": {},
            "endTime": 1764553140763,
            "message": "  ● Test suite failed to run\n\n    Jest encountered an unexpected token\n\n    Jest failed to parse a file. This happens e.g. when your code or its dependencies use non-standard JavaScript syntax, or when Jest is not configured to support such syntax.\n\n    Out of the box Jest supports Babel, which will be used to transform your files into valid JS based on your Babel configuration.\n\n    By default \"node_modules\" folder is ignored by transformers.\n\n    Here's what you can do:\n     • If you are trying to use ECMAScript Modules, see https://jestjs.io/docs/ecmascript-modules for how to enable it.\n     • If you are trying to use TypeScript, see https://jestjs.io/docs/getting-started#using-typescript\n     • To have some of your \"node_modules\" files transformed, you can specify a custom \"transformIgnorePatterns\" in your config.\n     • If you need a custom transformation specify a \"transform\" option in your config.\n     • If you simply want to mock your non-JS modules (e.g. binary assets) you can stub them out with the \"moduleNameMapper\" config option.\n\n    You'll find more details and examples of these config options in the docs:\n    https://jestjs.io/docs/configuration\n    For information about custom transformations, see:\n    https://jestjs.io/docs/code-transformation\n\n    Details:\n\n    C:\\.project_repo\\Mercurion\\MercurionWeb\\MercurionWebNode\\node_modules\\jose\\dist\\webapi\\index.js:1\n    ({\"Object.<anonymous>\":function(module,exports,require,__dirname,__filename,jest){export { compactDecrypt } from './jwe/compact/decrypt.js';\n                                                                                      ^^^^^^\n\n    SyntaxError: Unexpected token 'export'\n\n    \u001b[0m \u001b[90m 2 |\u001b[39m \u001b[36mimport\u001b[39m { \u001b[33mConfigService\u001b[39m } \u001b[36mfrom\u001b[39m \u001b[32m'@nestjs/config'\u001b[39m\u001b[33m;\u001b[39m\n     \u001b[90m 3 |\u001b[39m \u001b[36mimport\u001b[39m axios \u001b[36mfrom\u001b[39m \u001b[32m'axios'\u001b[39m\u001b[33m;\u001b[39m\n    \u001b[31m\u001b[1m>\u001b[22m\u001b[39m\u001b[90m 4 |\u001b[39m \u001b[36mimport\u001b[39m { createRemoteJWKSet\u001b[33m,\u001b[39m jwtVerify } \u001b[36mfrom\u001b[39m \u001b[32m'jose'\u001b[39m\u001b[33m;\u001b[39m\n     \u001b[90m   |\u001b[39m \u001b[31m\u001b[1m^\u001b[22m\u001b[39m\n     \u001b[90m 5 |\u001b[39m \u001b[36mimport\u001b[39m { \u001b[33mISocialProviderClient\u001b[39m } \u001b[36mfrom\u001b[39m \u001b[32m'../Models/interfaces/i-social-provider-client.interface'\u001b[39m\u001b[33m;\u001b[39m\n     \u001b[90m 6 |\u001b[39m \u001b[36mimport\u001b[39m { \u001b[33mProviderProfile\u001b[39m } \u001b[36mfrom\u001b[39m \u001b[32m'../Models/interfaces/provider-profile.interface'\u001b[39m\u001b[33m;\u001b[39m\n     \u001b[90m 7 |\u001b[39m \u001b[36mimport\u001b[39m { \u001b[33mAuthProvider\u001b[39m } \u001b[36mfrom\u001b[39m \u001b[32m'../Models/enums/auth-provider.enum'\u001b[39m\u001b[33m;\u001b[39m\u001b[0m\n\n      at Runtime.createScriptFromCode (../node_modules/jest-runtime/build/index.js:1505:14)\n      at Object.<anonymous> (app_modules/sso/providers/google-provider-client.ts:4:1)\n      at Object.<anonymous> (app_modules/sso/services/social-provider-registry.ts:4:1)\n      at Object.<anonymous> (app_modules/sso/services/social-auth.service.ts:6:1)\n      at Object.<anonymous> (app_modules/sso/sso.module.ts:6:1)\n      at Object.<anonymous> (app_modules/user/user.module.ts:11:1)\n      at Object.<anonymous> (app_modules/molecule-collection/molecule-collection.module.ts:17:1)\n      at Object.<anonymous> (app_modules/meilisearch/meilisearch.module.ts:9:1)\n      at Object.<anonymous> (app_modules/meilisearch/meilisearch.module.spec.ts:1:1)\n",
            "name": "C:\\.project_repo\\Mercurion\\MercurionWeb\\MercurionWebNode\\src\\app_modules\\meilisearch\\meilisearch.module.spec.ts",
            "startTime": 1764553140763,
            "status": "failed",
            "summary": ""
        },
        {
            "assertionResults": [],
            "coverage": {},
            "endTime": 1764553140763,
            "message": "  ● Test suite failed to run\n\n    Jest encountered an unexpected token\n\n    Jest failed to parse a file. This happens e.g. when your code or its dependencies use non-standard JavaScript syntax, or when Jest is not configured to support such syntax.\n\n    Out of the box Jest supports Babel, which will be used to transform your files into valid JS based on your Babel configuration.\n\n    By default \"node_modules\" folder is ignored by transformers.\n\n    Here's what you can do:\n     • If you are trying to use ECMAScript Modules, see https://jestjs.io/docs/ecmascript-modules for how to enable it.\n     • If you are trying to use TypeScript, see https://jestjs.io/docs/getting-started#using-typescript\n     • To have some of your \"node_modules\" files transformed, you can specify a custom \"transformIgnorePatterns\" in your config.\n     • If you need a custom transformation specify a \"transform\" option in your config.\n     • If you simply want to mock your non-JS modules (e.g. binary assets) you can stub them out with the \"moduleNameMapper\" config option.\n\n    You'll find more details and examples of these config options in the docs:\n    https://jestjs.io/docs/configuration\n    For information about custom transformations, see:\n    https://jestjs.io/docs/code-transformation\n\n    Details:\n\n    C:\\.project_repo\\Mercurion\\MercurionWeb\\MercurionWebNode\\node_modules\\jose\\dist\\webapi\\index.js:1\n    ({\"Object.<anonymous>\":function(module,exports,require,__dirname,__filename,jest){export { compactDecrypt } from './jwe/compact/decrypt.js';\n                                                                                      ^^^^^^\n\n    SyntaxError: Unexpected token 'export'\n\n    \u001b[0m \u001b[90m 2 |\u001b[39m \u001b[36mimport\u001b[39m { \u001b[33mConfigService\u001b[39m } \u001b[36mfrom\u001b[39m \u001b[32m'@nestjs/config'\u001b[39m\u001b[33m;\u001b[39m\n     \u001b[90m 3 |\u001b[39m \u001b[36mimport\u001b[39m axios \u001b[36mfrom\u001b[39m \u001b[32m'axios'\u001b[39m\u001b[33m;\u001b[39m\n    \u001b[31m\u001b[1m>\u001b[22m\u001b[39m\u001b[90m 4 |\u001b[39m \u001b[36mimport\u001b[39m { createRemoteJWKSet\u001b[33m,\u001b[39m jwtVerify } \u001b[36mfrom\u001b[39m \u001b[32m'jose'\u001b[39m\u001b[33m;\u001b[39m\n     \u001b[90m   |\u001b[39m \u001b[31m\u001b[1m^\u001b[22m\u001b[39m\n     \u001b[90m 5 |\u001b[39m \u001b[36mimport\u001b[39m { \u001b[33mISocialProviderClient\u001b[39m } \u001b[36mfrom\u001b[39m \u001b[32m'../Models/interfaces/i-social-provider-client.interface'\u001b[39m\u001b[33m;\u001b[39m\n     \u001b[90m 6 |\u001b[39m \u001b[36mimport\u001b[39m { \u001b[33mProviderProfile\u001b[39m } \u001b[36mfrom\u001b[39m \u001b[32m'../Models/interfaces/provider-profile.interface'\u001b[39m\u001b[33m;\u001b[39m\n     \u001b[90m 7 |\u001b[39m \u001b[36mimport\u001b[39m { \u001b[33mAuthProvider\u001b[39m } \u001b[36mfrom\u001b[39m \u001b[32m'../Models/enums/auth-provider.enum'\u001b[39m\u001b[33m;\u001b[39m\u001b[0m\n\n      at Runtime.createScriptFromCode (../node_modules/jest-runtime/build/index.js:1505:14)\n      at Object.<anonymous> (app_modules/sso/providers/google-provider-client.ts:4:1)\n      at Object.<anonymous> (app_modules/sso/services/social-provider-registry.ts:4:1)\n      at Object.<anonymous> (app_modules/sso/services/social-auth.service.ts:6:1)\n      at Object.<anonymous> (app_modules/sso/sso.module.ts:6:1)\n      at Object.<anonymous> (app_modules/user/user.module.ts:11:1)\n      at Object.<anonymous> (app_modules/molecule-collection/molecule-collection.module.ts:17:1)\n      at Object.<anonymous> (app_modules/meilisearch/meilisearch.module.ts:9:1)\n      at Object.<anonymous> (app_modules/socket.io/socket.io.module.ts:3:1)\n      at Object.<anonymous> (app_modules/socket.io/socket.io.module.spec.ts:1:1)\n",
            "name": "C:\\.project_repo\\Mercurion\\MercurionWeb\\MercurionWebNode\\src\\app_modules\\socket.io\\socket.io.module.spec.ts",
            "startTime": 1764553140763,
            "status": "failed",
            "summary": ""
        },
        {
            "assertionResults": [],
            "coverage": {},
            "endTime": 1764553140763,
            "message": "  ● Test suite failed to run\n\n    \u001b[96msrc/app_modules/user/services/user.service.spec.ts\u001b[0m:\u001b[93m9\u001b[0m:\u001b[93m15\u001b[0m - \u001b[91merror\u001b[0m\u001b[90m TS2554: \u001b[0mExpected 7 arguments, but got 5.\n\n    \u001b[7m  9\u001b[0m     service = new UserService(\n    \u001b[7m   \u001b[0m \u001b[91m              ~~~~~~~~~~~~~~~~\u001b[0m\n    \u001b[7m 10\u001b[0m       {} as any,\n    \u001b[7m   \u001b[0m \u001b[91m~~~~~~~~~~~~~~~~\u001b[0m\n    \u001b[7m...\u001b[0m \n    \u001b[7m 14\u001b[0m       { forContext: jest.fn().mockReturnValue(loggerMock) } as any\n    \u001b[7m   \u001b[0m \u001b[91m~~~~~~~~~~~~~~~~~~~~~~~~~~~~~~~~~~~~~~~~~~~~~~~~~~~~~~~~~~~~~~~~~~\u001b[0m\n    \u001b[7m 15\u001b[0m     );\n    \u001b[7m   \u001b[0m \u001b[91m~~~~~\u001b[0m\n\n      \u001b[96msrc/app_modules/user/services/user.service.ts\u001b[0m:\u001b[93m41\u001b[0m:\u001b[93m9\u001b[0m\n        \u001b[7m41\u001b[0m         private readonly historyService: HistoryService,\n        \u001b[7m  \u001b[0m \u001b[96m        ~~~~~~~~~~~~~~~~~~~~~~~~~~~~~~~~~~~~~~~~~~~~~~~\u001b[0m\n        An argument for 'historyService' was not provided.\n    \u001b[96msrc/app_modules/user/services/user.service.spec.ts\u001b[0m:\u001b[93m24\u001b[0m:\u001b[93m30\u001b[0m - \u001b[91merror\u001b[0m\u001b[90m TS2339: \u001b[0mProperty 'generateScopeArray' does not exist on type 'UserService'.\n\n    \u001b[7m24\u001b[0m       const scopes = service.generateScopeArray('[\"a\",\"b\"]', 'JSON');\n    \u001b[7m  \u001b[0m \u001b[91m                             ~~~~~~~~~~~~~~~~~~\u001b[0m\n    \u001b[96msrc/app_modules/user/services/user.service.spec.ts\u001b[0m:\u001b[93m29\u001b[0m:\u001b[93m28\u001b[0m - \u001b[91merror\u001b[0m\u001b[90m TS2339: \u001b[0mProperty 'generateScopeArray' does not exist on type 'UserService'.\n\n    \u001b[7m29\u001b[0m       expect(() => service.generateScopeArray('invalid', 'JSON')).toThrow(RpcException);\n    \u001b[7m  \u001b[0m \u001b[91m                           ~~~~~~~~~~~~~~~~~~\u001b[0m\n    \u001b[96msrc/app_modules/user/services/user.service.spec.ts\u001b[0m:\u001b[93m33\u001b[0m:\u001b[93m30\u001b[0m - \u001b[91merror\u001b[0m\u001b[90m TS2339: \u001b[0mProperty 'generateScopeArray' does not exist on type 'UserService'.\n\n    \u001b[7m33\u001b[0m       const scopes = service.generateScopeArray('a b c', 'JWT');\n    \u001b[7m  \u001b[0m \u001b[91m                             ~~~~~~~~~~~~~~~~~~\u001b[0m\n    \u001b[96msrc/app_modules/user/services/user.service.spec.ts\u001b[0m:\u001b[93m38\u001b[0m:\u001b[93m28\u001b[0m - \u001b[91merror\u001b[0m\u001b[90m TS2339: \u001b[0mProperty 'generateScopeArray' does not exist on type 'UserService'.\n\n    \u001b[7m38\u001b[0m       expect(() => service.generateScopeArray('a,b', 'JWT')).toThrow(RpcException);\n    \u001b[7m  \u001b[0m \u001b[91m                           ~~~~~~~~~~~~~~~~~~\u001b[0m\n",
            "name": "C:\\.project_repo\\Mercurion\\MercurionWeb\\MercurionWebNode\\src\\app_modules\\user\\services\\user.service.spec.ts",
            "startTime": 1764553140763,
            "status": "failed",
            "summary": ""
        },
        {
            "assertionResults": [],
            "coverage": {},
            "endTime": 1764553140763,
            "message": "  ● Test suite failed to run\n\n    \u001b[96msrc/app_modules/auth/services/account.service.spec.ts\u001b[0m:\u001b[93m15\u001b[0m:\u001b[93m15\u001b[0m - \u001b[91merror\u001b[0m\u001b[90m TS2554: \u001b[0mExpected 14 arguments, but got 13.\n\n    \u001b[7m 15\u001b[0m     service = new AccountService(\n    \u001b[7m   \u001b[0m \u001b[91m              ~~~~~~~~~~~~~~~~~~~\u001b[0m\n    \u001b[7m 16\u001b[0m       {} as any, // userService\n    \u001b[7m   \u001b[0m \u001b[91m~~~~~~~~~~~~~~~~~~~~~~~~~~~~~~~\u001b[0m\n    \u001b[7m...\u001b[0m \n    \u001b[7m 28\u001b[0m       meiliLoggerMock as any, // meiliLogger\n    \u001b[7m   \u001b[0m \u001b[91m~~~~~~~~~~~~~~~~~~~~~~~~~~~~~~~~~~~~~~~~~~~~\u001b[0m\n    \u001b[7m 29\u001b[0m     );\n    \u001b[7m   \u001b[0m \u001b[91m~~~~~\u001b[0m\n\n      \u001b[96msrc/app_modules/auth/services/account.service.ts\u001b[0m:\u001b[93m91\u001b[0m:\u001b[93m9\u001b[0m\n        \u001b[7m91\u001b[0m         meiliLogger: MeiliLoggerService\n        \u001b[7m  \u001b[0m \u001b[96m        ~~~~~~~~~~~~~~~~~~~~~~~~~~~~~~~\u001b[0m\n        An argument for 'meiliLogger' was not provided.\n",
            "name": "C:\\.project_repo\\Mercurion\\MercurionWeb\\MercurionWebNode\\src\\app_modules\\auth\\services\\account.service.spec.ts",
            "startTime": 1764553140763,
            "status": "failed",
            "summary": ""
        },
        {
            "assertionResults": [],
            "coverage": {},
            "endTime": 1764553140763,
            "message": "  ● Test suite failed to run\n\n    \u001b[96msrc/exception-handling/http-exception-filter.spec.ts\u001b[0m:\u001b[93m5\u001b[0m:\u001b[93m20\u001b[0m - \u001b[91merror\u001b[0m\u001b[90m TS2554: \u001b[0mExpected 1 arguments, but got 0.\n\n    \u001b[7m5\u001b[0m     const filter = new HttpExceptionFilter();\n    \u001b[7m \u001b[0m \u001b[91m                   ~~~~~~~~~~~~~~~~~~~~~~~~~\u001b[0m\n\n      \u001b[96msrc/exception-handling/http-exception-filter.ts\u001b[0m:\u001b[93m23\u001b[0m:\u001b[93m17\u001b[0m\n        \u001b[7m23\u001b[0m     constructor(loggerFactory: MeiliLoggerService) {\n        \u001b[7m  \u001b[0m \u001b[96m                ~~~~~~~~~~~~~~~~~~~~~~~~~~~~~~~~~\u001b[0m\n        An argument for 'loggerFactory' was not provided.\n",
            "name": "C:\\.project_repo\\Mercurion\\MercurionWeb\\MercurionWebNode\\src\\exception-handling\\http-exception-filter.spec.ts",
            "startTime": 1764553140763,
            "status": "failed",
            "summary": ""
        },
        {
            "assertionResults": [],
            "coverage": {},
            "endTime": 1764553140763,
            "message": "  ● Test suite failed to run\n\n    \u001b[96msrc/app_modules/auth/services/jwt-tools.service.spec.ts\u001b[0m:\u001b[93m33\u001b[0m:\u001b[93m15\u001b[0m - \u001b[91merror\u001b[0m\u001b[90m TS2554: \u001b[0mExpected 6 arguments, but got 5.\n\n    \u001b[7m 33\u001b[0m     service = new JwtToolsService(\n    \u001b[7m   \u001b[0m \u001b[91m              ~~~~~~~~~~~~~~~~~~~~\u001b[0m\n    \u001b[7m 34\u001b[0m       { signAsync: jest.fn(), verifyAsync: jest.fn(), decode: jest.fn() } as unknown as JwtService,\n    \u001b[7m   \u001b[0m \u001b[91m~~~~~~~~~~~~~~~~~~~~~~~~~~~~~~~~~~~~~~~~~~~~~~~~~~~~~~~~~~~~~~~~~~~~~~~~~~~~~~~~~~~~~~~~~~~~~~~~~~~\u001b[0m\n    \u001b[7m...\u001b[0m \n    \u001b[7m 38\u001b[0m       { isTokenRevoked: jest.fn().mockResolvedValue(false), revokeToken: jest.fn() } as any,\n    \u001b[7m   \u001b[0m \u001b[91m~~~~~~~~~~~~~~~~~~~~~~~~~~~~~~~~~~~~~~~~~~~~~~~~~~~~~~~~~~~~~~~~~~~~~~~~~~~~~~~~~~~~~~~~~~~~\u001b[0m\n    \u001b[7m 39\u001b[0m     );\n    \u001b[7m   \u001b[0m \u001b[91m~~~~~\u001b[0m\n\n      \u001b[96msrc/app_modules/auth/services/jwt-tools.service.ts\u001b[0m:\u001b[93m56\u001b[0m:\u001b[93m9\u001b[0m\n        \u001b[7m56\u001b[0m         loggerFactory: MeiliLoggerService\n        \u001b[7m  \u001b[0m \u001b[96m        ~~~~~~~~~~~~~~~~~~~~~~~~~~~~~~~~~\u001b[0m\n        An argument for 'loggerFactory' was not provided.\n",
            "name": "C:\\.project_repo\\Mercurion\\MercurionWeb\\MercurionWebNode\\src\\app_modules\\auth\\services\\jwt-tools.service.spec.ts",
            "startTime": 1764553140763,
            "status": "failed",
            "summary": ""
        },
        {
            "assertionResults": [],
            "coverage": {},
            "endTime": 1764553140763,
            "message": "  ● Test suite failed to run\n\n    \u001b[96msrc/app_modules/sso/providers/google-provider-client.spec.ts\u001b[0m:\u001b[93m2\u001b[0m:\u001b[93m10\u001b[0m - \u001b[91merror\u001b[0m\u001b[90m TS2724: \u001b[0m'\"./google-provider-client\"' has no exported member named 'GoogleProviderClientService'. Did you mean 'GoogleProviderClient'?\n\n    \u001b[7m2\u001b[0m import { GoogleProviderClientService } from './google-provider-client';\n    \u001b[7m \u001b[0m \u001b[91m         ~~~~~~~~~~~~~~~~~~~~~~~~~~~\u001b[0m\n\n      \u001b[96msrc/app_modules/sso/providers/google-provider-client.ts\u001b[0m:\u001b[93m20\u001b[0m:\u001b[93m14\u001b[0m\n        \u001b[7m20\u001b[0m export class GoogleProviderClient implements ISocialProviderClient {\n        \u001b[7m  \u001b[0m \u001b[96m             ~~~~~~~~~~~~~~~~~~~~\u001b[0m\n        'GoogleProviderClient' is declared here.\n",
            "name": "C:\\.project_repo\\Mercurion\\MercurionWeb\\MercurionWebNode\\src\\app_modules\\sso\\providers\\google-provider-client.spec.ts",
            "startTime": 1764553140763,
            "status": "failed",
            "summary": ""
        }
    ],
    "wasInterrupted": false
}